2022-11-27 13:20:20,849 INFO [pool-1-thread-1] a.u.d.e.c.v.VerticleManager [VerticleManager.java:62] Deployed 40 verticles. from Demo
2022-11-27 13:20:21,026 INFO [pool-1-thread-1] a.u.d.e.c.c.Control [Control.java:63] Pausing enactment. from Demo
2022-11-27 13:20:23,397 INFO [AWT-EventQueue-0] a.u.d.e.c.c.Control [Control.java:53] Resuming enactment. from Demo
2022-11-27 13:20:24,444 WARN [vert.x-eventloop-thread-3] i.n.r.d.DnsServerAddressStreamProviders [DnsServerAddressStreamProviders.java:70] Can not find io.netty.resolver.dns.macos.MacOSDnsServerAddressStreamProvider in the classpath, fallback to system defaults. This may result in incorrect DNS resolutions on MacOS. from Demo
2022-11-27 13:20:24,479 INFO [vert.x-eventloop-thread-3] a.u.d.e.e.s.ServerlessFunction [ServerlessFunction.java:61] Serverless function https://qom6oqnla3balqeaqmag6vfd3a0hbewb.lambda-url.us-east-1.on.aws/ triggerred. from Demo
2022-11-27 13:20:25,660 INFO [vert.x-eventloop-thread-3] a.u.d.e.e.s.ServerlessFunction [ServerlessFunction.java:63] Serverless function https://qom6oqnla3balqeaqmag6vfd3a0hbewb.lambda-url.us-east-1.on.aws/ finished from Demo
2022-11-27 13:20:26,118 INFO [vert.x-eventloop-thread-4] a.u.d.e.e.s.ServerlessFunction [ServerlessFunction.java:61] Serverless function https://6wof2cxyjb5e3tuakkllclr7wq0nlmkc.lambda-url.us-east-1.on.aws/ triggerred. from Demo
2022-11-27 13:20:26,118 INFO [vert.x-eventloop-thread-1] a.u.d.e.e.s.ServerlessFunction [ServerlessFunction.java:61] Serverless function https://6wof2cxyjb5e3tuakkllclr7wq0nlmkc.lambda-url.us-east-1.on.aws/ triggerred. from Demo
2022-11-27 13:20:26,137 INFO [vert.x-eventloop-thread-5] a.u.d.e.e.s.ServerlessFunction [ServerlessFunction.java:61] Serverless function https://6wof2cxyjb5e3tuakkllclr7wq0nlmkc.lambda-url.us-east-1.on.aws/ triggerred. from Demo
2022-11-27 13:20:26,141 INFO [vert.x-eventloop-thread-3] a.u.d.e.e.s.ServerlessFunction [ServerlessFunction.java:61] Serverless function https://6wof2cxyjb5e3tuakkllclr7wq0nlmkc.lambda-url.us-east-1.on.aws/ triggerred. from Demo
2022-11-27 13:20:26,142 INFO [vert.x-eventloop-thread-7] a.u.d.e.e.s.ServerlessFunction [ServerlessFunction.java:61] Serverless function https://6wof2cxyjb5e3tuakkllclr7wq0nlmkc.lambda-url.us-east-1.on.aws/ triggerred. from Demo
2022-11-27 13:20:26,144 INFO [vert.x-eventloop-thread-2] a.u.d.e.e.s.ServerlessFunction [ServerlessFunction.java:61] Serverless function https://6wof2cxyjb5e3tuakkllclr7wq0nlmkc.lambda-url.us-east-1.on.aws/ triggerred. from Demo
2022-11-27 13:20:26,146 INFO [vert.x-eventloop-thread-6] a.u.d.e.e.s.ServerlessFunction [ServerlessFunction.java:61] Serverless function https://6wof2cxyjb5e3tuakkllclr7wq0nlmkc.lambda-url.us-east-1.on.aws/ triggerred. from Demo
2022-11-27 13:20:26,148 INFO [vert.x-eventloop-thread-0] a.u.d.e.e.s.ServerlessFunction [ServerlessFunction.java:61] Serverless function https://6wof2cxyjb5e3tuakkllclr7wq0nlmkc.lambda-url.us-east-1.on.aws/ triggerred. from Demo
2022-11-27 13:20:26,153 INFO [vert.x-eventloop-thread-1] a.u.d.e.e.s.ServerlessFunction [ServerlessFunction.java:61] Serverless function https://6wof2cxyjb5e3tuakkllclr7wq0nlmkc.lambda-url.us-east-1.on.aws/ triggerred. from Demo
2022-11-27 13:20:26,153 INFO [vert.x-eventloop-thread-4] a.u.d.e.e.s.ServerlessFunction [ServerlessFunction.java:61] Serverless function https://6wof2cxyjb5e3tuakkllclr7wq0nlmkc.lambda-url.us-east-1.on.aws/ triggerred. from Demo
2022-11-27 13:20:27,210 INFO [vert.x-eventloop-thread-7] a.u.d.e.e.s.ServerlessFunction [ServerlessFunction.java:63] Serverless function https://6wof2cxyjb5e3tuakkllclr7wq0nlmkc.lambda-url.us-east-1.on.aws/ finished from Demo
2022-11-27 13:20:27,210 INFO [vert.x-eventloop-thread-1] a.u.d.e.e.s.ServerlessFunction [ServerlessFunction.java:63] Serverless function https://6wof2cxyjb5e3tuakkllclr7wq0nlmkc.lambda-url.us-east-1.on.aws/ finished from Demo
2022-11-27 13:20:27,214 INFO [vert.x-eventloop-thread-4] a.u.d.e.e.s.ServerlessFunction [ServerlessFunction.java:63] Serverless function https://6wof2cxyjb5e3tuakkllclr7wq0nlmkc.lambda-url.us-east-1.on.aws/ finished from Demo
2022-11-27 13:20:27,339 INFO [vert.x-eventloop-thread-5] a.u.d.e.e.s.ServerlessFunction [ServerlessFunction.java:63] Serverless function https://6wof2cxyjb5e3tuakkllclr7wq0nlmkc.lambda-url.us-east-1.on.aws/ finished from Demo
2022-11-27 13:20:27,437 INFO [vert.x-eventloop-thread-6] a.u.d.e.e.s.ServerlessFunction [ServerlessFunction.java:63] Serverless function https://6wof2cxyjb5e3tuakkllclr7wq0nlmkc.lambda-url.us-east-1.on.aws/ finished from Demo
2022-11-27 13:20:27,450 INFO [vert.x-eventloop-thread-2] a.u.d.e.e.s.ServerlessFunction [ServerlessFunction.java:63] Serverless function https://6wof2cxyjb5e3tuakkllclr7wq0nlmkc.lambda-url.us-east-1.on.aws/ finished from Demo
2022-11-27 13:20:27,535 INFO [vert.x-eventloop-thread-3] a.u.d.e.e.s.ServerlessFunction [ServerlessFunction.java:63] Serverless function https://6wof2cxyjb5e3tuakkllclr7wq0nlmkc.lambda-url.us-east-1.on.aws/ finished from Demo
2022-11-27 13:20:27,542 INFO [vert.x-eventloop-thread-1] a.u.d.e.e.s.ServerlessFunction [ServerlessFunction.java:63] Serverless function https://6wof2cxyjb5e3tuakkllclr7wq0nlmkc.lambda-url.us-east-1.on.aws/ finished from Demo
2022-11-27 13:20:27,594 INFO [vert.x-eventloop-thread-4] a.u.d.e.e.s.ServerlessFunction [ServerlessFunction.java:63] Serverless function https://6wof2cxyjb5e3tuakkllclr7wq0nlmkc.lambda-url.us-east-1.on.aws/ finished from Demo
2022-11-27 13:20:28,143 INFO [vert.x-eventloop-thread-0] a.u.d.e.e.s.ServerlessFunction [ServerlessFunction.java:63] Serverless function https://6wof2cxyjb5e3tuakkllclr7wq0nlmkc.lambda-url.us-east-1.on.aws/ finished from Demo
2022-11-27 13:20:30,643 INFO [vert.x-eventloop-thread-3] a.u.d.e.e.s.ServerlessFunction [ServerlessFunction.java:61] Serverless function https://cjmoiosqbday2tqr4cagvobuqy0fioyh.lambda-url.us-east-1.on.aws/ triggerred. from Demo
2022-11-27 13:20:30,652 INFO [vert.x-eventloop-thread-0] a.u.d.e.e.s.ServerlessFunction [ServerlessFunction.java:61] Serverless function https://cjmoiosqbday2tqr4cagvobuqy0fioyh.lambda-url.us-east-1.on.aws/ triggerred. from Demo
2022-11-27 13:20:30,670 INFO [vert.x-eventloop-thread-7] a.u.d.e.e.s.ServerlessFunction [ServerlessFunction.java:61] Serverless function https://cjmoiosqbday2tqr4cagvobuqy0fioyh.lambda-url.us-east-1.on.aws/ triggerred. from Demo
2022-11-27 13:20:30,670 INFO [vert.x-eventloop-thread-2] a.u.d.e.e.s.ServerlessFunction [ServerlessFunction.java:61] Serverless function https://cjmoiosqbday2tqr4cagvobuqy0fioyh.lambda-url.us-east-1.on.aws/ triggerred. from Demo
2022-11-27 13:20:30,692 INFO [vert.x-eventloop-thread-5] a.u.d.e.e.s.ServerlessFunction [ServerlessFunction.java:61] Serverless function https://cjmoiosqbday2tqr4cagvobuqy0fioyh.lambda-url.us-east-1.on.aws/ triggerred. from Demo
2022-11-27 13:20:30,733 INFO [vert.x-eventloop-thread-4] a.u.d.e.e.s.ServerlessFunction [ServerlessFunction.java:61] Serverless function https://cjmoiosqbday2tqr4cagvobuqy0fioyh.lambda-url.us-east-1.on.aws/ triggerred. from Demo
2022-11-27 13:20:30,734 INFO [vert.x-eventloop-thread-1] a.u.d.e.e.s.ServerlessFunction [ServerlessFunction.java:61] Serverless function https://cjmoiosqbday2tqr4cagvobuqy0fioyh.lambda-url.us-east-1.on.aws/ triggerred. from Demo
2022-11-27 13:20:30,750 INFO [vert.x-eventloop-thread-7] a.u.d.e.e.s.ServerlessFunction [ServerlessFunction.java:61] Serverless function https://cjmoiosqbday2tqr4cagvobuqy0fioyh.lambda-url.us-east-1.on.aws/ triggerred. from Demo
2022-11-27 13:20:30,757 INFO [vert.x-eventloop-thread-0] a.u.d.e.e.s.ServerlessFunction [ServerlessFunction.java:61] Serverless function https://cjmoiosqbday2tqr4cagvobuqy0fioyh.lambda-url.us-east-1.on.aws/ triggerred. from Demo
2022-11-27 13:20:30,757 INFO [vert.x-eventloop-thread-6] a.u.d.e.e.s.ServerlessFunction [ServerlessFunction.java:61] Serverless function https://cjmoiosqbday2tqr4cagvobuqy0fioyh.lambda-url.us-east-1.on.aws/ triggerred. from Demo
2022-11-27 13:20:31,342 INFO [vert.x-eventloop-thread-0] a.u.d.e.e.s.ServerlessFunction [ServerlessFunction.java:63] Serverless function https://cjmoiosqbday2tqr4cagvobuqy0fioyh.lambda-url.us-east-1.on.aws/ finished from Demo
2022-11-27 13:20:31,389 INFO [vert.x-eventloop-thread-7] a.u.d.e.e.s.ServerlessFunction [ServerlessFunction.java:63] Serverless function https://cjmoiosqbday2tqr4cagvobuqy0fioyh.lambda-url.us-east-1.on.aws/ finished from Demo
2022-11-27 13:20:31,493 INFO [vert.x-eventloop-thread-3] a.u.d.e.e.s.ServerlessFunction [ServerlessFunction.java:63] Serverless function https://cjmoiosqbday2tqr4cagvobuqy0fioyh.lambda-url.us-east-1.on.aws/ finished from Demo
2022-11-27 13:20:31,587 INFO [vert.x-eventloop-thread-5] a.u.d.e.e.s.ServerlessFunction [ServerlessFunction.java:63] Serverless function https://cjmoiosqbday2tqr4cagvobuqy0fioyh.lambda-url.us-east-1.on.aws/ finished from Demo
2022-11-27 13:20:31,711 INFO [vert.x-eventloop-thread-2] a.u.d.e.e.s.ServerlessFunction [ServerlessFunction.java:63] Serverless function https://cjmoiosqbday2tqr4cagvobuqy0fioyh.lambda-url.us-east-1.on.aws/ finished from Demo
2022-11-27 13:20:31,711 INFO [vert.x-eventloop-thread-1] a.u.d.e.e.s.ServerlessFunction [ServerlessFunction.java:63] Serverless function https://cjmoiosqbday2tqr4cagvobuqy0fioyh.lambda-url.us-east-1.on.aws/ finished from Demo
2022-11-27 13:20:31,719 INFO [vert.x-eventloop-thread-0] a.u.d.e.e.s.ServerlessFunction [ServerlessFunction.java:63] Serverless function https://cjmoiosqbday2tqr4cagvobuqy0fioyh.lambda-url.us-east-1.on.aws/ finished from Demo
2022-11-27 13:20:31,787 INFO [vert.x-eventloop-thread-4] a.u.d.e.e.s.ServerlessFunction [ServerlessFunction.java:63] Serverless function https://cjmoiosqbday2tqr4cagvobuqy0fioyh.lambda-url.us-east-1.on.aws/ finished from Demo
2022-11-27 13:20:31,869 INFO [vert.x-eventloop-thread-7] a.u.d.e.e.s.ServerlessFunction [ServerlessFunction.java:63] Serverless function https://cjmoiosqbday2tqr4cagvobuqy0fioyh.lambda-url.us-east-1.on.aws/ finished from Demo
2022-11-27 13:20:32,121 INFO [vert.x-eventloop-thread-6] a.u.d.e.e.s.ServerlessFunction [ServerlessFunction.java:63] Serverless function https://cjmoiosqbday2tqr4cagvobuqy0fioyh.lambda-url.us-east-1.on.aws/ finished from Demo
2022-11-27 13:20:32,560 INFO [vert.x-eventloop-thread-2] a.u.d.e.e.s.ServerlessFunction [ServerlessFunction.java:61] Serverless function https://4pquyzewlu6efajdc47gzwkj6y0ohqkx.lambda-url.us-east-1.on.aws/ triggerred. from Demo
2022-11-27 13:20:33,355 INFO [vert.x-eventloop-thread-2] a.u.d.e.e.s.ServerlessFunction [ServerlessFunction.java:63] Serverless function https://4pquyzewlu6efajdc47gzwkj6y0ohqkx.lambda-url.us-east-1.on.aws/ finished from Demo
2022-11-27 13:20:33,704 INFO [vert.x-eventloop-thread-1] a.u.d.e.e.s.ServerlessFunction [ServerlessFunction.java:61] Serverless function https://cb45rshznyrot2hxa5q5h4ujy40ynuvg.lambda-url.us-east-1.on.aws/ triggerred. from Demo
2022-11-27 13:20:33,705 INFO [vert.x-eventloop-thread-5] a.u.d.e.e.s.ServerlessFunction [ServerlessFunction.java:61] Serverless function https://cb45rshznyrot2hxa5q5h4ujy40ynuvg.lambda-url.us-east-1.on.aws/ triggerred. from Demo
2022-11-27 13:20:33,710 INFO [vert.x-eventloop-thread-0] a.u.d.e.e.s.ServerlessFunction [ServerlessFunction.java:61] Serverless function https://cb45rshznyrot2hxa5q5h4ujy40ynuvg.lambda-url.us-east-1.on.aws/ triggerred. from Demo
2022-11-27 13:20:33,710 INFO [vert.x-eventloop-thread-7] a.u.d.e.e.s.ServerlessFunction [ServerlessFunction.java:61] Serverless function https://cb45rshznyrot2hxa5q5h4ujy40ynuvg.lambda-url.us-east-1.on.aws/ triggerred. from Demo
2022-11-27 13:20:33,721 INFO [vert.x-eventloop-thread-6] a.u.d.e.e.s.ServerlessFunction [ServerlessFunction.java:61] Serverless function https://cb45rshznyrot2hxa5q5h4ujy40ynuvg.lambda-url.us-east-1.on.aws/ triggerred. from Demo
2022-11-27 13:20:34,374 INFO [vert.x-eventloop-thread-0] a.u.d.e.e.s.ServerlessFunction [ServerlessFunction.java:63] Serverless function https://cb45rshznyrot2hxa5q5h4ujy40ynuvg.lambda-url.us-east-1.on.aws/ finished from Demo
2022-11-27 13:20:34,469 INFO [vert.x-eventloop-thread-6] a.u.d.e.e.s.ServerlessFunction [ServerlessFunction.java:63] Serverless function https://cb45rshznyrot2hxa5q5h4ujy40ynuvg.lambda-url.us-east-1.on.aws/ finished from Demo
2022-11-27 13:20:34,487 INFO [vert.x-eventloop-thread-5] a.u.d.e.e.s.ServerlessFunction [ServerlessFunction.java:63] Serverless function https://cb45rshznyrot2hxa5q5h4ujy40ynuvg.lambda-url.us-east-1.on.aws/ finished from Demo
2022-11-27 13:20:34,517 INFO [vert.x-eventloop-thread-7] a.u.d.e.e.s.ServerlessFunction [ServerlessFunction.java:63] Serverless function https://cb45rshznyrot2hxa5q5h4ujy40ynuvg.lambda-url.us-east-1.on.aws/ finished from Demo
2022-11-27 13:20:34,784 INFO [vert.x-eventloop-thread-1] a.u.d.e.e.s.ServerlessFunction [ServerlessFunction.java:63] Serverless function https://cb45rshznyrot2hxa5q5h4ujy40ynuvg.lambda-url.us-east-1.on.aws/ finished from Demo
2022-11-27 13:20:35,420 INFO [vert.x-eventloop-thread-0] a.u.d.e.i.o.OutputDataPrinter [OutputDataPrinter.java:30] Workflow executed correctly. from Demo
2022-11-27 13:20:35,421 INFO [vert.x-eventloop-thread-0] a.u.d.e.i.o.OutputDataPrinter [OutputDataPrinter.java:31] Enactment result: {"collages":["collages/8a8d1043-6f10-4e67-8ea5-843cc5a0aa61_HAPPY.jpg","collages/0205c673-c089-4e60-b043-67a173a5b66d_ANGRY.jpg","collages/36f4e8a6-13f8-478a-bad8-b190357acc53_SURPRISED.jpg","collages/bdf57d2f-5811-45b2-bba2-243640867c75_CALM.jpg","Too few images to make a collage"]} from Demo
