2022-11-27 13:21:23,488 INFO [pool-1-thread-1] a.u.d.e.c.v.VerticleManager [VerticleManager.java:62] Deployed 40 verticles. from Demo
2022-11-27 13:21:23,639 INFO [pool-1-thread-1] a.u.d.e.c.c.Control [Control.java:63] Pausing enactment. from Demo
2022-11-27 13:21:25,558 INFO [AWT-EventQueue-0] a.u.d.e.c.c.Control [Control.java:53] Resuming enactment. from Demo
2022-11-27 13:21:26,126 WARN [vert.x-eventloop-thread-1] i.n.r.d.DnsServerAddressStreamProviders [DnsServerAddressStreamProviders.java:70] Can not find io.netty.resolver.dns.macos.MacOSDnsServerAddressStreamProvider in the classpath, fallback to system defaults. This may result in incorrect DNS resolutions on MacOS. from Demo
2022-11-27 13:21:26,167 INFO [vert.x-eventloop-thread-1] a.u.d.e.e.s.ServerlessFunction [ServerlessFunction.java:61] Serverless function https://qom6oqnla3balqeaqmag6vfd3a0hbewb.lambda-url.us-east-1.on.aws/ triggerred. from Demo
2022-11-27 13:21:27,227 INFO [vert.x-eventloop-thread-1] a.u.d.e.e.s.ServerlessFunction [ServerlessFunction.java:63] Serverless function https://qom6oqnla3balqeaqmag6vfd3a0hbewb.lambda-url.us-east-1.on.aws/ finished from Demo
2022-11-27 13:21:28,103 INFO [vert.x-eventloop-thread-6] a.u.d.e.e.s.ServerlessFunction [ServerlessFunction.java:61] Serverless function https://6wof2cxyjb5e3tuakkllclr7wq0nlmkc.lambda-url.us-east-1.on.aws/ triggerred. from Demo
2022-11-27 13:21:28,104 INFO [vert.x-eventloop-thread-4] a.u.d.e.e.s.ServerlessFunction [ServerlessFunction.java:61] Serverless function https://6wof2cxyjb5e3tuakkllclr7wq0nlmkc.lambda-url.us-east-1.on.aws/ triggerred. from Demo
2022-11-27 13:21:28,116 INFO [vert.x-eventloop-thread-3] a.u.d.e.e.s.ServerlessFunction [ServerlessFunction.java:61] Serverless function https://6wof2cxyjb5e3tuakkllclr7wq0nlmkc.lambda-url.us-east-1.on.aws/ triggerred. from Demo
2022-11-27 13:21:28,139 INFO [vert.x-eventloop-thread-5] a.u.d.e.e.s.ServerlessFunction [ServerlessFunction.java:61] Serverless function https://6wof2cxyjb5e3tuakkllclr7wq0nlmkc.lambda-url.us-east-1.on.aws/ triggerred. from Demo
2022-11-27 13:21:28,146 INFO [vert.x-eventloop-thread-7] a.u.d.e.e.s.ServerlessFunction [ServerlessFunction.java:61] Serverless function https://6wof2cxyjb5e3tuakkllclr7wq0nlmkc.lambda-url.us-east-1.on.aws/ triggerred. from Demo
2022-11-27 13:21:28,164 INFO [vert.x-eventloop-thread-1] a.u.d.e.e.s.ServerlessFunction [ServerlessFunction.java:61] Serverless function https://6wof2cxyjb5e3tuakkllclr7wq0nlmkc.lambda-url.us-east-1.on.aws/ triggerred. from Demo
2022-11-27 13:21:28,161 INFO [vert.x-eventloop-thread-0] a.u.d.e.e.s.ServerlessFunction [ServerlessFunction.java:61] Serverless function https://6wof2cxyjb5e3tuakkllclr7wq0nlmkc.lambda-url.us-east-1.on.aws/ triggerred. from Demo
2022-11-27 13:21:28,173 INFO [vert.x-eventloop-thread-4] a.u.d.e.e.s.ServerlessFunction [ServerlessFunction.java:61] Serverless function https://6wof2cxyjb5e3tuakkllclr7wq0nlmkc.lambda-url.us-east-1.on.aws/ triggerred. from Demo
2022-11-27 13:21:28,175 INFO [vert.x-eventloop-thread-3] a.u.d.e.e.s.ServerlessFunction [ServerlessFunction.java:61] Serverless function https://6wof2cxyjb5e3tuakkllclr7wq0nlmkc.lambda-url.us-east-1.on.aws/ triggerred. from Demo
2022-11-27 13:21:28,182 INFO [vert.x-eventloop-thread-2] a.u.d.e.e.s.ServerlessFunction [ServerlessFunction.java:61] Serverless function https://6wof2cxyjb5e3tuakkllclr7wq0nlmkc.lambda-url.us-east-1.on.aws/ triggerred. from Demo
2022-11-27 13:21:29,055 INFO [vert.x-eventloop-thread-5] a.u.d.e.e.s.ServerlessFunction [ServerlessFunction.java:63] Serverless function https://6wof2cxyjb5e3tuakkllclr7wq0nlmkc.lambda-url.us-east-1.on.aws/ finished from Demo
2022-11-27 13:21:29,075 INFO [vert.x-eventloop-thread-7] a.u.d.e.e.s.ServerlessFunction [ServerlessFunction.java:63] Serverless function https://6wof2cxyjb5e3tuakkllclr7wq0nlmkc.lambda-url.us-east-1.on.aws/ finished from Demo
2022-11-27 13:21:29,157 INFO [vert.x-eventloop-thread-3] a.u.d.e.e.s.ServerlessFunction [ServerlessFunction.java:63] Serverless function https://6wof2cxyjb5e3tuakkllclr7wq0nlmkc.lambda-url.us-east-1.on.aws/ finished from Demo
2022-11-27 13:21:29,326 INFO [vert.x-eventloop-thread-0] a.u.d.e.e.s.ServerlessFunction [ServerlessFunction.java:63] Serverless function https://6wof2cxyjb5e3tuakkllclr7wq0nlmkc.lambda-url.us-east-1.on.aws/ finished from Demo
2022-11-27 13:21:29,464 INFO [vert.x-eventloop-thread-1] a.u.d.e.e.s.ServerlessFunction [ServerlessFunction.java:63] Serverless function https://6wof2cxyjb5e3tuakkllclr7wq0nlmkc.lambda-url.us-east-1.on.aws/ finished from Demo
2022-11-27 13:21:29,533 INFO [vert.x-eventloop-thread-4] a.u.d.e.e.s.ServerlessFunction [ServerlessFunction.java:63] Serverless function https://6wof2cxyjb5e3tuakkllclr7wq0nlmkc.lambda-url.us-east-1.on.aws/ finished from Demo
2022-11-27 13:21:29,554 INFO [vert.x-eventloop-thread-4] a.u.d.e.e.s.ServerlessFunction [ServerlessFunction.java:63] Serverless function https://6wof2cxyjb5e3tuakkllclr7wq0nlmkc.lambda-url.us-east-1.on.aws/ finished from Demo
2022-11-27 13:21:29,569 INFO [vert.x-eventloop-thread-3] a.u.d.e.e.s.ServerlessFunction [ServerlessFunction.java:63] Serverless function https://6wof2cxyjb5e3tuakkllclr7wq0nlmkc.lambda-url.us-east-1.on.aws/ finished from Demo
2022-11-27 13:21:29,635 INFO [vert.x-eventloop-thread-6] a.u.d.e.e.s.ServerlessFunction [ServerlessFunction.java:63] Serverless function https://6wof2cxyjb5e3tuakkllclr7wq0nlmkc.lambda-url.us-east-1.on.aws/ finished from Demo
2022-11-27 13:21:29,638 INFO [vert.x-eventloop-thread-2] a.u.d.e.e.s.ServerlessFunction [ServerlessFunction.java:63] Serverless function https://6wof2cxyjb5e3tuakkllclr7wq0nlmkc.lambda-url.us-east-1.on.aws/ finished from Demo
2022-11-27 13:21:31,301 INFO [vert.x-eventloop-thread-7] a.u.d.e.e.s.ServerlessFunction [ServerlessFunction.java:61] Serverless function https://cjmoiosqbday2tqr4cagvobuqy0fioyh.lambda-url.us-east-1.on.aws/ triggerred. from Demo
2022-11-27 13:21:31,311 INFO [vert.x-eventloop-thread-1] a.u.d.e.e.s.ServerlessFunction [ServerlessFunction.java:61] Serverless function https://cjmoiosqbday2tqr4cagvobuqy0fioyh.lambda-url.us-east-1.on.aws/ triggerred. from Demo
2022-11-27 13:21:31,315 INFO [vert.x-eventloop-thread-0] a.u.d.e.e.s.ServerlessFunction [ServerlessFunction.java:61] Serverless function https://cjmoiosqbday2tqr4cagvobuqy0fioyh.lambda-url.us-east-1.on.aws/ triggerred. from Demo
2022-11-27 13:21:31,348 INFO [vert.x-eventloop-thread-5] a.u.d.e.e.s.ServerlessFunction [ServerlessFunction.java:61] Serverless function https://cjmoiosqbday2tqr4cagvobuqy0fioyh.lambda-url.us-east-1.on.aws/ triggerred. from Demo
2022-11-27 13:21:31,360 INFO [vert.x-eventloop-thread-2] a.u.d.e.e.s.ServerlessFunction [ServerlessFunction.java:61] Serverless function https://cjmoiosqbday2tqr4cagvobuqy0fioyh.lambda-url.us-east-1.on.aws/ triggerred. from Demo
2022-11-27 13:21:31,371 INFO [vert.x-eventloop-thread-4] a.u.d.e.e.s.ServerlessFunction [ServerlessFunction.java:61] Serverless function https://cjmoiosqbday2tqr4cagvobuqy0fioyh.lambda-url.us-east-1.on.aws/ triggerred. from Demo
2022-11-27 13:21:31,379 INFO [vert.x-eventloop-thread-3] a.u.d.e.e.s.ServerlessFunction [ServerlessFunction.java:61] Serverless function https://cjmoiosqbday2tqr4cagvobuqy0fioyh.lambda-url.us-east-1.on.aws/ triggerred. from Demo
2022-11-27 13:21:31,381 INFO [vert.x-eventloop-thread-7] a.u.d.e.e.s.ServerlessFunction [ServerlessFunction.java:61] Serverless function https://cjmoiosqbday2tqr4cagvobuqy0fioyh.lambda-url.us-east-1.on.aws/ triggerred. from Demo
2022-11-27 13:21:31,382 INFO [vert.x-eventloop-thread-6] a.u.d.e.e.s.ServerlessFunction [ServerlessFunction.java:61] Serverless function https://cjmoiosqbday2tqr4cagvobuqy0fioyh.lambda-url.us-east-1.on.aws/ triggerred. from Demo
2022-11-27 13:21:31,404 INFO [vert.x-eventloop-thread-0] a.u.d.e.e.s.ServerlessFunction [ServerlessFunction.java:61] Serverless function https://cjmoiosqbday2tqr4cagvobuqy0fioyh.lambda-url.us-east-1.on.aws/ triggerred. from Demo
2022-11-27 13:21:31,993 INFO [vert.x-eventloop-thread-1] a.u.d.e.e.s.ServerlessFunction [ServerlessFunction.java:63] Serverless function https://cjmoiosqbday2tqr4cagvobuqy0fioyh.lambda-url.us-east-1.on.aws/ finished from Demo
2022-11-27 13:21:32,077 INFO [vert.x-eventloop-thread-7] a.u.d.e.e.s.ServerlessFunction [ServerlessFunction.java:63] Serverless function https://cjmoiosqbday2tqr4cagvobuqy0fioyh.lambda-url.us-east-1.on.aws/ finished from Demo
2022-11-27 13:21:32,092 INFO [vert.x-eventloop-thread-0] a.u.d.e.e.s.ServerlessFunction [ServerlessFunction.java:63] Serverless function https://cjmoiosqbday2tqr4cagvobuqy0fioyh.lambda-url.us-east-1.on.aws/ finished from Demo
2022-11-27 13:21:32,149 INFO [vert.x-eventloop-thread-7] a.u.d.e.e.s.ServerlessFunction [ServerlessFunction.java:63] Serverless function https://cjmoiosqbday2tqr4cagvobuqy0fioyh.lambda-url.us-east-1.on.aws/ finished from Demo
2022-11-27 13:21:32,234 INFO [vert.x-eventloop-thread-2] a.u.d.e.e.s.ServerlessFunction [ServerlessFunction.java:63] Serverless function https://cjmoiosqbday2tqr4cagvobuqy0fioyh.lambda-url.us-east-1.on.aws/ finished from Demo
2022-11-27 13:21:32,264 INFO [vert.x-eventloop-thread-5] a.u.d.e.e.s.ServerlessFunction [ServerlessFunction.java:63] Serverless function https://cjmoiosqbday2tqr4cagvobuqy0fioyh.lambda-url.us-east-1.on.aws/ finished from Demo
2022-11-27 13:21:32,297 INFO [vert.x-eventloop-thread-4] a.u.d.e.e.s.ServerlessFunction [ServerlessFunction.java:63] Serverless function https://cjmoiosqbday2tqr4cagvobuqy0fioyh.lambda-url.us-east-1.on.aws/ finished from Demo
2022-11-27 13:21:32,543 INFO [vert.x-eventloop-thread-6] a.u.d.e.e.s.ServerlessFunction [ServerlessFunction.java:63] Serverless function https://cjmoiosqbday2tqr4cagvobuqy0fioyh.lambda-url.us-east-1.on.aws/ finished from Demo
2022-11-27 13:21:32,543 INFO [vert.x-eventloop-thread-3] a.u.d.e.e.s.ServerlessFunction [ServerlessFunction.java:63] Serverless function https://cjmoiosqbday2tqr4cagvobuqy0fioyh.lambda-url.us-east-1.on.aws/ finished from Demo
2022-11-27 13:21:32,550 INFO [vert.x-eventloop-thread-0] a.u.d.e.e.s.ServerlessFunction [ServerlessFunction.java:63] Serverless function https://cjmoiosqbday2tqr4cagvobuqy0fioyh.lambda-url.us-east-1.on.aws/ finished from Demo
2022-11-27 13:21:33,237 INFO [vert.x-eventloop-thread-2] a.u.d.e.e.s.ServerlessFunction [ServerlessFunction.java:61] Serverless function https://4pquyzewlu6efajdc47gzwkj6y0ohqkx.lambda-url.us-east-1.on.aws/ triggerred. from Demo
2022-11-27 13:21:34,392 INFO [vert.x-eventloop-thread-2] a.u.d.e.e.s.ServerlessFunction [ServerlessFunction.java:63] Serverless function https://4pquyzewlu6efajdc47gzwkj6y0ohqkx.lambda-url.us-east-1.on.aws/ finished from Demo
2022-11-27 13:21:35,251 INFO [vert.x-eventloop-thread-3] a.u.d.e.e.s.ServerlessFunction [ServerlessFunction.java:61] Serverless function https://cb45rshznyrot2hxa5q5h4ujy40ynuvg.lambda-url.us-east-1.on.aws/ triggerred. from Demo
2022-11-27 13:21:35,253 INFO [vert.x-eventloop-thread-6] a.u.d.e.e.s.ServerlessFunction [ServerlessFunction.java:61] Serverless function https://cb45rshznyrot2hxa5q5h4ujy40ynuvg.lambda-url.us-east-1.on.aws/ triggerred. from Demo
2022-11-27 13:21:35,254 INFO [vert.x-eventloop-thread-5] a.u.d.e.e.s.ServerlessFunction [ServerlessFunction.java:61] Serverless function https://cb45rshznyrot2hxa5q5h4ujy40ynuvg.lambda-url.us-east-1.on.aws/ triggerred. from Demo
2022-11-27 13:21:35,255 INFO [vert.x-eventloop-thread-7] a.u.d.e.e.s.ServerlessFunction [ServerlessFunction.java:61] Serverless function https://cb45rshznyrot2hxa5q5h4ujy40ynuvg.lambda-url.us-east-1.on.aws/ triggerred. from Demo
2022-11-27 13:21:35,257 INFO [vert.x-eventloop-thread-0] a.u.d.e.e.s.ServerlessFunction [ServerlessFunction.java:61] Serverless function https://cb45rshznyrot2hxa5q5h4ujy40ynuvg.lambda-url.us-east-1.on.aws/ triggerred. from Demo
2022-11-27 13:21:35,842 INFO [vert.x-eventloop-thread-0] a.u.d.e.e.s.ServerlessFunction [ServerlessFunction.java:63] Serverless function https://cb45rshznyrot2hxa5q5h4ujy40ynuvg.lambda-url.us-east-1.on.aws/ finished from Demo
2022-11-27 13:21:36,222 INFO [vert.x-eventloop-thread-6] a.u.d.e.e.s.ServerlessFunction [ServerlessFunction.java:63] Serverless function https://cb45rshznyrot2hxa5q5h4ujy40ynuvg.lambda-url.us-east-1.on.aws/ finished from Demo
2022-11-27 13:21:36,222 INFO [vert.x-eventloop-thread-7] a.u.d.e.e.s.ServerlessFunction [ServerlessFunction.java:63] Serverless function https://cb45rshznyrot2hxa5q5h4ujy40ynuvg.lambda-url.us-east-1.on.aws/ finished from Demo
2022-11-27 13:21:36,222 INFO [vert.x-eventloop-thread-5] a.u.d.e.e.s.ServerlessFunction [ServerlessFunction.java:63] Serverless function https://cb45rshznyrot2hxa5q5h4ujy40ynuvg.lambda-url.us-east-1.on.aws/ finished from Demo
2022-11-27 13:21:36,631 INFO [vert.x-eventloop-thread-3] a.u.d.e.e.s.ServerlessFunction [ServerlessFunction.java:63] Serverless function https://cb45rshznyrot2hxa5q5h4ujy40ynuvg.lambda-url.us-east-1.on.aws/ finished from Demo
2022-11-27 13:21:37,423 INFO [vert.x-eventloop-thread-0] a.u.d.e.i.o.OutputDataPrinter [OutputDataPrinter.java:30] Workflow executed correctly. from Demo
2022-11-27 13:21:37,423 INFO [vert.x-eventloop-thread-0] a.u.d.e.i.o.OutputDataPrinter [OutputDataPrinter.java:31] Enactment result: {"collages":["collages/bac631e6-cd09-4a3f-9064-431d6be71d00_HAPPY.jpg","collages/1c77c6f0-386f-4f78-ba91-2926b4c37cba_ANGRY.jpg","collages/9f6b00aa-7921-41c0-848b-6b927b3c9515_SURPRISED.jpg","collages/51f07e51-70d2-4691-b8f9-9face1b0a5e9_CALM.jpg","Too few images to make a collage"]} from Demo
