2022-11-27 13:22:27,260 INFO [pool-1-thread-1] a.u.d.e.c.v.VerticleManager [VerticleManager.java:62] Deployed 40 verticles. from Demo
2022-11-27 13:22:27,356 INFO [pool-1-thread-1] a.u.d.e.c.c.Control [Control.java:63] Pausing enactment. from Demo
2022-11-27 13:22:29,935 INFO [AWT-EventQueue-0] a.u.d.e.c.c.Control [Control.java:53] Resuming enactment. from Demo
2022-11-27 13:22:30,623 WARN [vert.x-eventloop-thread-1] i.n.r.d.DnsServerAddressStreamProviders [DnsServerAddressStreamProviders.java:70] Can not find io.netty.resolver.dns.macos.MacOSDnsServerAddressStreamProvider in the classpath, fallback to system defaults. This may result in incorrect DNS resolutions on MacOS. from Demo
2022-11-27 13:22:30,660 INFO [vert.x-eventloop-thread-1] a.u.d.e.e.s.ServerlessFunction [ServerlessFunction.java:61] Serverless function https://qom6oqnla3balqeaqmag6vfd3a0hbewb.lambda-url.us-east-1.on.aws/ triggerred. from Demo
2022-11-27 13:22:31,888 INFO [vert.x-eventloop-thread-1] a.u.d.e.e.s.ServerlessFunction [ServerlessFunction.java:63] Serverless function https://qom6oqnla3balqeaqmag6vfd3a0hbewb.lambda-url.us-east-1.on.aws/ finished from Demo
2022-11-27 13:22:32,673 INFO [vert.x-eventloop-thread-5] a.u.d.e.e.s.ServerlessFunction [ServerlessFunction.java:61] Serverless function https://6wof2cxyjb5e3tuakkllclr7wq0nlmkc.lambda-url.us-east-1.on.aws/ triggerred. from Demo
2022-11-27 13:22:32,684 INFO [vert.x-eventloop-thread-6] a.u.d.e.e.s.ServerlessFunction [ServerlessFunction.java:61] Serverless function https://6wof2cxyjb5e3tuakkllclr7wq0nlmkc.lambda-url.us-east-1.on.aws/ triggerred. from Demo
2022-11-27 13:22:32,695 INFO [vert.x-eventloop-thread-3] a.u.d.e.e.s.ServerlessFunction [ServerlessFunction.java:61] Serverless function https://6wof2cxyjb5e3tuakkllclr7wq0nlmkc.lambda-url.us-east-1.on.aws/ triggerred. from Demo
2022-11-27 13:22:32,704 INFO [vert.x-eventloop-thread-4] a.u.d.e.e.s.ServerlessFunction [ServerlessFunction.java:61] Serverless function https://6wof2cxyjb5e3tuakkllclr7wq0nlmkc.lambda-url.us-east-1.on.aws/ triggerred. from Demo
2022-11-27 13:22:32,731 INFO [vert.x-eventloop-thread-7] a.u.d.e.e.s.ServerlessFunction [ServerlessFunction.java:61] Serverless function https://6wof2cxyjb5e3tuakkllclr7wq0nlmkc.lambda-url.us-east-1.on.aws/ triggerred. from Demo
2022-11-27 13:22:32,732 INFO [vert.x-eventloop-thread-3] a.u.d.e.e.s.ServerlessFunction [ServerlessFunction.java:61] Serverless function https://6wof2cxyjb5e3tuakkllclr7wq0nlmkc.lambda-url.us-east-1.on.aws/ triggerred. from Demo
2022-11-27 13:22:32,731 INFO [vert.x-eventloop-thread-0] a.u.d.e.e.s.ServerlessFunction [ServerlessFunction.java:61] Serverless function https://6wof2cxyjb5e3tuakkllclr7wq0nlmkc.lambda-url.us-east-1.on.aws/ triggerred. from Demo
2022-11-27 13:22:32,741 INFO [vert.x-eventloop-thread-2] a.u.d.e.e.s.ServerlessFunction [ServerlessFunction.java:61] Serverless function https://6wof2cxyjb5e3tuakkllclr7wq0nlmkc.lambda-url.us-east-1.on.aws/ triggerred. from Demo
2022-11-27 13:22:32,743 INFO [vert.x-eventloop-thread-1] a.u.d.e.e.s.ServerlessFunction [ServerlessFunction.java:61] Serverless function https://6wof2cxyjb5e3tuakkllclr7wq0nlmkc.lambda-url.us-east-1.on.aws/ triggerred. from Demo
2022-11-27 13:22:32,745 INFO [vert.x-eventloop-thread-4] a.u.d.e.e.s.ServerlessFunction [ServerlessFunction.java:61] Serverless function https://6wof2cxyjb5e3tuakkllclr7wq0nlmkc.lambda-url.us-east-1.on.aws/ triggerred. from Demo
2022-11-27 13:22:33,874 INFO [vert.x-eventloop-thread-4] a.u.d.e.e.s.ServerlessFunction [ServerlessFunction.java:63] Serverless function https://6wof2cxyjb5e3tuakkllclr7wq0nlmkc.lambda-url.us-east-1.on.aws/ finished from Demo
2022-11-27 13:22:33,924 INFO [vert.x-eventloop-thread-6] a.u.d.e.e.s.ServerlessFunction [ServerlessFunction.java:63] Serverless function https://6wof2cxyjb5e3tuakkllclr7wq0nlmkc.lambda-url.us-east-1.on.aws/ finished from Demo
2022-11-27 13:22:33,981 INFO [vert.x-eventloop-thread-0] a.u.d.e.e.s.ServerlessFunction [ServerlessFunction.java:63] Serverless function https://6wof2cxyjb5e3tuakkllclr7wq0nlmkc.lambda-url.us-east-1.on.aws/ finished from Demo
2022-11-27 13:22:34,252 INFO [vert.x-eventloop-thread-5] a.u.d.e.e.s.ServerlessFunction [ServerlessFunction.java:63] Serverless function https://6wof2cxyjb5e3tuakkllclr7wq0nlmkc.lambda-url.us-east-1.on.aws/ finished from Demo
2022-11-27 13:22:34,479 INFO [vert.x-eventloop-thread-1] a.u.d.e.e.s.ServerlessFunction [ServerlessFunction.java:63] Serverless function https://6wof2cxyjb5e3tuakkllclr7wq0nlmkc.lambda-url.us-east-1.on.aws/ finished from Demo
2022-11-27 13:22:34,595 INFO [vert.x-eventloop-thread-3] a.u.d.e.e.s.ServerlessFunction [ServerlessFunction.java:63] Serverless function https://6wof2cxyjb5e3tuakkllclr7wq0nlmkc.lambda-url.us-east-1.on.aws/ finished from Demo
2022-11-27 13:22:34,597 INFO [vert.x-eventloop-thread-7] a.u.d.e.e.s.ServerlessFunction [ServerlessFunction.java:63] Serverless function https://6wof2cxyjb5e3tuakkllclr7wq0nlmkc.lambda-url.us-east-1.on.aws/ finished from Demo
2022-11-27 13:22:34,598 INFO [vert.x-eventloop-thread-2] a.u.d.e.e.s.ServerlessFunction [ServerlessFunction.java:63] Serverless function https://6wof2cxyjb5e3tuakkllclr7wq0nlmkc.lambda-url.us-east-1.on.aws/ finished from Demo
2022-11-27 13:22:34,602 INFO [vert.x-eventloop-thread-3] a.u.d.e.e.s.ServerlessFunction [ServerlessFunction.java:63] Serverless function https://6wof2cxyjb5e3tuakkllclr7wq0nlmkc.lambda-url.us-east-1.on.aws/ finished from Demo
2022-11-27 13:22:34,712 INFO [vert.x-eventloop-thread-4] a.u.d.e.e.s.ServerlessFunction [ServerlessFunction.java:63] Serverless function https://6wof2cxyjb5e3tuakkllclr7wq0nlmkc.lambda-url.us-east-1.on.aws/ finished from Demo
2022-11-27 13:22:36,882 WARN [vertx-blocked-thread-checker] i.v.c.i.BlockedThreadChecker [?:?] Thread Thread[vert.x-eventloop-thread-2,5,main] has been blocked for 2154 ms, time limit is 2000 ms from Demo
2022-11-27 13:22:39,475 INFO [vert.x-eventloop-thread-7] a.u.d.e.e.s.ServerlessFunction [ServerlessFunction.java:61] Serverless function https://cjmoiosqbday2tqr4cagvobuqy0fioyh.lambda-url.us-east-1.on.aws/ triggerred. from Demo
2022-11-27 13:22:39,479 INFO [vert.x-eventloop-thread-0] a.u.d.e.e.s.ServerlessFunction [ServerlessFunction.java:61] Serverless function https://cjmoiosqbday2tqr4cagvobuqy0fioyh.lambda-url.us-east-1.on.aws/ triggerred. from Demo
2022-11-27 13:22:39,544 INFO [vert.x-eventloop-thread-3] a.u.d.e.e.s.ServerlessFunction [ServerlessFunction.java:61] Serverless function https://cjmoiosqbday2tqr4cagvobuqy0fioyh.lambda-url.us-east-1.on.aws/ triggerred. from Demo
2022-11-27 13:22:39,546 INFO [vert.x-eventloop-thread-1] a.u.d.e.e.s.ServerlessFunction [ServerlessFunction.java:61] Serverless function https://cjmoiosqbday2tqr4cagvobuqy0fioyh.lambda-url.us-east-1.on.aws/ triggerred. from Demo
2022-11-27 13:22:39,616 INFO [vert.x-eventloop-thread-2] a.u.d.e.e.s.ServerlessFunction [ServerlessFunction.java:61] Serverless function https://cjmoiosqbday2tqr4cagvobuqy0fioyh.lambda-url.us-east-1.on.aws/ triggerred. from Demo
2022-11-27 13:22:39,630 INFO [vert.x-eventloop-thread-4] a.u.d.e.e.s.ServerlessFunction [ServerlessFunction.java:61] Serverless function https://cjmoiosqbday2tqr4cagvobuqy0fioyh.lambda-url.us-east-1.on.aws/ triggerred. from Demo
2022-11-27 13:22:39,663 INFO [vert.x-eventloop-thread-6] a.u.d.e.e.s.ServerlessFunction [ServerlessFunction.java:61] Serverless function https://cjmoiosqbday2tqr4cagvobuqy0fioyh.lambda-url.us-east-1.on.aws/ triggerred. from Demo
2022-11-27 13:22:39,670 INFO [vert.x-eventloop-thread-7] a.u.d.e.e.s.ServerlessFunction [ServerlessFunction.java:61] Serverless function https://cjmoiosqbday2tqr4cagvobuqy0fioyh.lambda-url.us-east-1.on.aws/ triggerred. from Demo
2022-11-27 13:22:39,672 INFO [vert.x-eventloop-thread-5] a.u.d.e.e.s.ServerlessFunction [ServerlessFunction.java:61] Serverless function https://cjmoiosqbday2tqr4cagvobuqy0fioyh.lambda-url.us-east-1.on.aws/ triggerred. from Demo
2022-11-27 13:22:39,678 INFO [vert.x-eventloop-thread-0] a.u.d.e.e.s.ServerlessFunction [ServerlessFunction.java:61] Serverless function https://cjmoiosqbday2tqr4cagvobuqy0fioyh.lambda-url.us-east-1.on.aws/ triggerred. from Demo
2022-11-27 13:22:40,519 INFO [vert.x-eventloop-thread-3] a.u.d.e.e.s.ServerlessFunction [ServerlessFunction.java:63] Serverless function https://cjmoiosqbday2tqr4cagvobuqy0fioyh.lambda-url.us-east-1.on.aws/ finished from Demo
2022-11-27 13:22:40,522 INFO [vert.x-eventloop-thread-0] a.u.d.e.e.s.ServerlessFunction [ServerlessFunction.java:63] Serverless function https://cjmoiosqbday2tqr4cagvobuqy0fioyh.lambda-url.us-east-1.on.aws/ finished from Demo
2022-11-27 13:22:40,538 INFO [vert.x-eventloop-thread-7] a.u.d.e.e.s.ServerlessFunction [ServerlessFunction.java:63] Serverless function https://cjmoiosqbday2tqr4cagvobuqy0fioyh.lambda-url.us-east-1.on.aws/ finished from Demo
2022-11-27 13:22:40,770 INFO [vert.x-eventloop-thread-6] a.u.d.e.e.s.ServerlessFunction [ServerlessFunction.java:63] Serverless function https://cjmoiosqbday2tqr4cagvobuqy0fioyh.lambda-url.us-east-1.on.aws/ finished from Demo
2022-11-27 13:22:40,770 INFO [vert.x-eventloop-thread-1] a.u.d.e.e.s.ServerlessFunction [ServerlessFunction.java:63] Serverless function https://cjmoiosqbday2tqr4cagvobuqy0fioyh.lambda-url.us-east-1.on.aws/ finished from Demo
2022-11-27 13:22:40,810 INFO [vert.x-eventloop-thread-7] a.u.d.e.e.s.ServerlessFunction [ServerlessFunction.java:63] Serverless function https://cjmoiosqbday2tqr4cagvobuqy0fioyh.lambda-url.us-east-1.on.aws/ finished from Demo
2022-11-27 13:22:40,834 INFO [vert.x-eventloop-thread-4] a.u.d.e.e.s.ServerlessFunction [ServerlessFunction.java:63] Serverless function https://cjmoiosqbday2tqr4cagvobuqy0fioyh.lambda-url.us-east-1.on.aws/ finished from Demo
2022-11-27 13:22:40,866 INFO [vert.x-eventloop-thread-2] a.u.d.e.e.s.ServerlessFunction [ServerlessFunction.java:63] Serverless function https://cjmoiosqbday2tqr4cagvobuqy0fioyh.lambda-url.us-east-1.on.aws/ finished from Demo
2022-11-27 13:22:41,010 INFO [vert.x-eventloop-thread-5] a.u.d.e.e.s.ServerlessFunction [ServerlessFunction.java:63] Serverless function https://cjmoiosqbday2tqr4cagvobuqy0fioyh.lambda-url.us-east-1.on.aws/ finished from Demo
2022-11-27 13:22:41,160 INFO [vert.x-eventloop-thread-0] a.u.d.e.e.s.ServerlessFunction [ServerlessFunction.java:63] Serverless function https://cjmoiosqbday2tqr4cagvobuqy0fioyh.lambda-url.us-east-1.on.aws/ finished from Demo
2022-11-27 13:22:43,284 INFO [vert.x-eventloop-thread-2] a.u.d.e.e.s.ServerlessFunction [ServerlessFunction.java:61] Serverless function https://4pquyzewlu6efajdc47gzwkj6y0ohqkx.lambda-url.us-east-1.on.aws/ triggerred. from Demo
2022-11-27 13:22:44,481 INFO [vert.x-eventloop-thread-2] a.u.d.e.e.s.ServerlessFunction [ServerlessFunction.java:63] Serverless function https://4pquyzewlu6efajdc47gzwkj6y0ohqkx.lambda-url.us-east-1.on.aws/ finished from Demo
2022-11-27 13:22:45,132 INFO [vert.x-eventloop-thread-5] a.u.d.e.e.s.ServerlessFunction [ServerlessFunction.java:61] Serverless function https://cb45rshznyrot2hxa5q5h4ujy40ynuvg.lambda-url.us-east-1.on.aws/ triggerred. from Demo
2022-11-27 13:22:45,134 INFO [vert.x-eventloop-thread-4] a.u.d.e.e.s.ServerlessFunction [ServerlessFunction.java:61] Serverless function https://cb45rshznyrot2hxa5q5h4ujy40ynuvg.lambda-url.us-east-1.on.aws/ triggerred. from Demo
2022-11-27 13:22:45,133 INFO [vert.x-eventloop-thread-6] a.u.d.e.e.s.ServerlessFunction [ServerlessFunction.java:61] Serverless function https://cb45rshznyrot2hxa5q5h4ujy40ynuvg.lambda-url.us-east-1.on.aws/ triggerred. from Demo
2022-11-27 13:22:45,140 INFO [vert.x-eventloop-thread-7] a.u.d.e.e.s.ServerlessFunction [ServerlessFunction.java:61] Serverless function https://cb45rshznyrot2hxa5q5h4ujy40ynuvg.lambda-url.us-east-1.on.aws/ triggerred. from Demo
2022-11-27 13:22:45,142 INFO [vert.x-eventloop-thread-0] a.u.d.e.e.s.ServerlessFunction [ServerlessFunction.java:61] Serverless function https://cb45rshznyrot2hxa5q5h4ujy40ynuvg.lambda-url.us-east-1.on.aws/ triggerred. from Demo
2022-11-27 13:22:46,039 INFO [vert.x-eventloop-thread-5] a.u.d.e.e.s.ServerlessFunction [ServerlessFunction.java:63] Serverless function https://cb45rshznyrot2hxa5q5h4ujy40ynuvg.lambda-url.us-east-1.on.aws/ finished from Demo
2022-11-27 13:22:46,039 INFO [vert.x-eventloop-thread-4] a.u.d.e.e.s.ServerlessFunction [ServerlessFunction.java:63] Serverless function https://cb45rshznyrot2hxa5q5h4ujy40ynuvg.lambda-url.us-east-1.on.aws/ finished from Demo
2022-11-27 13:22:46,040 INFO [vert.x-eventloop-thread-7] a.u.d.e.e.s.ServerlessFunction [ServerlessFunction.java:63] Serverless function https://cb45rshznyrot2hxa5q5h4ujy40ynuvg.lambda-url.us-east-1.on.aws/ finished from Demo
2022-11-27 13:22:46,039 INFO [vert.x-eventloop-thread-0] a.u.d.e.e.s.ServerlessFunction [ServerlessFunction.java:63] Serverless function https://cb45rshznyrot2hxa5q5h4ujy40ynuvg.lambda-url.us-east-1.on.aws/ finished from Demo
2022-11-27 13:22:46,454 INFO [vert.x-eventloop-thread-6] a.u.d.e.e.s.ServerlessFunction [ServerlessFunction.java:63] Serverless function https://cb45rshznyrot2hxa5q5h4ujy40ynuvg.lambda-url.us-east-1.on.aws/ finished from Demo
2022-11-27 13:22:48,919 WARN [vertx-blocked-thread-checker] i.v.c.i.BlockedThreadChecker [?:?] Thread Thread[vert.x-eventloop-thread-6,5,main] has been blocked for 2464 ms, time limit is 2000 ms from Demo
2022-11-27 13:22:49,923 WARN [vertx-blocked-thread-checker] i.v.c.i.BlockedThreadChecker [?:?] Thread Thread[vert.x-eventloop-thread-6,5,main] has been blocked for 3468 ms, time limit is 2000 ms from Demo
2022-11-27 13:22:50,580 INFO [vert.x-eventloop-thread-0] a.u.d.e.i.o.OutputDataPrinter [OutputDataPrinter.java:30] Workflow executed correctly. from Demo
2022-11-27 13:22:50,581 INFO [vert.x-eventloop-thread-0] a.u.d.e.i.o.OutputDataPrinter [OutputDataPrinter.java:31] Enactment result: {"collages":["collages/e6b76c41-088a-4b76-8d9c-f1a4a637a192_HAPPY.jpg","collages/0ea5a324-6beb-408c-82a9-c91b09897542_ANGRY.jpg","collages/a2cddd95-86ec-4674-987f-363facf02631_SURPRISED.jpg","collages/ff190fd7-1df5-401d-9c89-86616f6c8726_CALM.jpg","Too few images to make a collage"]} from Demo
