2022-11-27 14:15:01,909 INFO [pool-1-thread-1] a.u.d.e.c.v.VerticleManager [VerticleManager.java:62] Deployed 40 verticles. from Demo
2022-11-27 14:15:02,042 INFO [pool-1-thread-1] a.u.d.e.c.c.Control [Control.java:63] Pausing enactment. from Demo
2022-11-27 14:15:04,890 INFO [AWT-EventQueue-0] a.u.d.e.c.c.Control [Control.java:53] Resuming enactment. from Demo
2022-11-27 14:15:05,611 WARN [vert.x-eventloop-thread-2] i.n.r.d.DnsServerAddressStreamProviders [DnsServerAddressStreamProviders.java:70] Can not find io.netty.resolver.dns.macos.MacOSDnsServerAddressStreamProvider in the classpath, fallback to system defaults. This may result in incorrect DNS resolutions on MacOS. from Demo
2022-11-27 14:15:05,673 INFO [vert.x-eventloop-thread-2] a.u.d.e.e.s.ServerlessFunction [ServerlessFunction.java:61] Serverless function https://of2vu3uupakazn7bw5wi3mvw5e0feqlh.lambda-url.us-west-2.on.aws/ triggerred. from Demo
2022-11-27 14:15:07,696 INFO [vert.x-eventloop-thread-2] a.u.d.e.e.s.ServerlessFunction [ServerlessFunction.java:63] Serverless function https://of2vu3uupakazn7bw5wi3mvw5e0feqlh.lambda-url.us-west-2.on.aws/ finished from Demo
2022-11-27 14:15:08,601 INFO [vert.x-eventloop-thread-3] a.u.d.e.e.s.ServerlessFunction [ServerlessFunction.java:61] Serverless function https://menvzeryb4e4rfr3htlo7fjf2e0btfqt.lambda-url.us-west-2.on.aws/ triggerred. from Demo
2022-11-27 14:15:08,601 INFO [vert.x-eventloop-thread-1] a.u.d.e.e.s.ServerlessFunction [ServerlessFunction.java:61] Serverless function https://menvzeryb4e4rfr3htlo7fjf2e0btfqt.lambda-url.us-west-2.on.aws/ triggerred. from Demo
2022-11-27 14:15:08,612 INFO [vert.x-eventloop-thread-5] a.u.d.e.e.s.ServerlessFunction [ServerlessFunction.java:61] Serverless function https://menvzeryb4e4rfr3htlo7fjf2e0btfqt.lambda-url.us-west-2.on.aws/ triggerred. from Demo
2022-11-27 14:15:08,625 INFO [vert.x-eventloop-thread-7] a.u.d.e.e.s.ServerlessFunction [ServerlessFunction.java:61] Serverless function https://menvzeryb4e4rfr3htlo7fjf2e0btfqt.lambda-url.us-west-2.on.aws/ triggerred. from Demo
2022-11-27 14:15:08,640 INFO [vert.x-eventloop-thread-6] a.u.d.e.e.s.ServerlessFunction [ServerlessFunction.java:61] Serverless function https://menvzeryb4e4rfr3htlo7fjf2e0btfqt.lambda-url.us-west-2.on.aws/ triggerred. from Demo
2022-11-27 14:15:08,654 INFO [vert.x-eventloop-thread-0] a.u.d.e.e.s.ServerlessFunction [ServerlessFunction.java:61] Serverless function https://menvzeryb4e4rfr3htlo7fjf2e0btfqt.lambda-url.us-west-2.on.aws/ triggerred. from Demo
2022-11-27 14:15:08,667 INFO [vert.x-eventloop-thread-2] a.u.d.e.e.s.ServerlessFunction [ServerlessFunction.java:61] Serverless function https://menvzeryb4e4rfr3htlo7fjf2e0btfqt.lambda-url.us-west-2.on.aws/ triggerred. from Demo
2022-11-27 14:15:08,667 INFO [vert.x-eventloop-thread-4] a.u.d.e.e.s.ServerlessFunction [ServerlessFunction.java:61] Serverless function https://menvzeryb4e4rfr3htlo7fjf2e0btfqt.lambda-url.us-west-2.on.aws/ triggerred. from Demo
2022-11-27 14:15:08,668 INFO [vert.x-eventloop-thread-5] a.u.d.e.e.s.ServerlessFunction [ServerlessFunction.java:61] Serverless function https://menvzeryb4e4rfr3htlo7fjf2e0btfqt.lambda-url.us-west-2.on.aws/ triggerred. from Demo
2022-11-27 14:15:08,673 INFO [vert.x-eventloop-thread-3] a.u.d.e.e.s.ServerlessFunction [ServerlessFunction.java:61] Serverless function https://menvzeryb4e4rfr3htlo7fjf2e0btfqt.lambda-url.us-west-2.on.aws/ triggerred. from Demo
2022-11-27 14:15:10,352 INFO [vert.x-eventloop-thread-5] a.u.d.e.e.s.ServerlessFunction [ServerlessFunction.java:63] Serverless function https://menvzeryb4e4rfr3htlo7fjf2e0btfqt.lambda-url.us-west-2.on.aws/ finished from Demo
2022-11-27 14:15:10,559 INFO [vert.x-eventloop-thread-4] a.u.d.e.e.s.ServerlessFunction [ServerlessFunction.java:63] Serverless function https://menvzeryb4e4rfr3htlo7fjf2e0btfqt.lambda-url.us-west-2.on.aws/ finished from Demo
2022-11-27 14:15:10,632 INFO [vert.x-eventloop-thread-3] a.u.d.e.e.s.ServerlessFunction [ServerlessFunction.java:63] Serverless function https://menvzeryb4e4rfr3htlo7fjf2e0btfqt.lambda-url.us-west-2.on.aws/ finished from Demo
2022-11-27 14:15:10,702 INFO [vert.x-eventloop-thread-6] a.u.d.e.e.s.ServerlessFunction [ServerlessFunction.java:63] Serverless function https://menvzeryb4e4rfr3htlo7fjf2e0btfqt.lambda-url.us-west-2.on.aws/ finished from Demo
2022-11-27 14:15:10,765 INFO [vert.x-eventloop-thread-1] a.u.d.e.e.s.ServerlessFunction [ServerlessFunction.java:63] Serverless function https://menvzeryb4e4rfr3htlo7fjf2e0btfqt.lambda-url.us-west-2.on.aws/ finished from Demo
2022-11-27 14:15:10,835 INFO [vert.x-eventloop-thread-2] a.u.d.e.e.s.ServerlessFunction [ServerlessFunction.java:63] Serverless function https://menvzeryb4e4rfr3htlo7fjf2e0btfqt.lambda-url.us-west-2.on.aws/ finished from Demo
2022-11-27 14:15:10,985 INFO [vert.x-eventloop-thread-5] a.u.d.e.e.s.ServerlessFunction [ServerlessFunction.java:63] Serverless function https://menvzeryb4e4rfr3htlo7fjf2e0btfqt.lambda-url.us-west-2.on.aws/ finished from Demo
2022-11-27 14:15:11,050 INFO [vert.x-eventloop-thread-3] a.u.d.e.e.s.ServerlessFunction [ServerlessFunction.java:63] Serverless function https://menvzeryb4e4rfr3htlo7fjf2e0btfqt.lambda-url.us-west-2.on.aws/ finished from Demo
2022-11-27 14:15:11,205 INFO [vert.x-eventloop-thread-7] a.u.d.e.e.s.ServerlessFunction [ServerlessFunction.java:63] Serverless function https://menvzeryb4e4rfr3htlo7fjf2e0btfqt.lambda-url.us-west-2.on.aws/ finished from Demo
2022-11-27 14:15:11,321 INFO [vert.x-eventloop-thread-0] a.u.d.e.e.s.ServerlessFunction [ServerlessFunction.java:63] Serverless function https://menvzeryb4e4rfr3htlo7fjf2e0btfqt.lambda-url.us-west-2.on.aws/ finished from Demo
2022-11-27 14:15:13,491 INFO [vert.x-eventloop-thread-0] a.u.d.e.e.s.ServerlessFunction [ServerlessFunction.java:61] Serverless function https://borlu6xgnnfq3rz3uumey4qdsy0tcfbb.lambda-url.us-west-2.on.aws/ triggerred. from Demo
2022-11-27 14:15:13,495 INFO [vert.x-eventloop-thread-7] a.u.d.e.e.s.ServerlessFunction [ServerlessFunction.java:61] Serverless function https://borlu6xgnnfq3rz3uumey4qdsy0tcfbb.lambda-url.us-west-2.on.aws/ triggerred. from Demo
2022-11-27 14:15:13,499 INFO [vert.x-eventloop-thread-2] a.u.d.e.e.s.ServerlessFunction [ServerlessFunction.java:61] Serverless function https://borlu6xgnnfq3rz3uumey4qdsy0tcfbb.lambda-url.us-west-2.on.aws/ triggerred. from Demo
2022-11-27 14:15:13,542 INFO [vert.x-eventloop-thread-4] a.u.d.e.e.s.ServerlessFunction [ServerlessFunction.java:61] Serverless function https://borlu6xgnnfq3rz3uumey4qdsy0tcfbb.lambda-url.us-west-2.on.aws/ triggerred. from Demo
2022-11-27 14:15:13,547 INFO [vert.x-eventloop-thread-6] a.u.d.e.e.s.ServerlessFunction [ServerlessFunction.java:61] Serverless function https://borlu6xgnnfq3rz3uumey4qdsy0tcfbb.lambda-url.us-west-2.on.aws/ triggerred. from Demo
2022-11-27 14:15:13,550 INFO [vert.x-eventloop-thread-5] a.u.d.e.e.s.ServerlessFunction [ServerlessFunction.java:61] Serverless function https://borlu6xgnnfq3rz3uumey4qdsy0tcfbb.lambda-url.us-west-2.on.aws/ triggerred. from Demo
2022-11-27 14:15:13,551 INFO [vert.x-eventloop-thread-1] a.u.d.e.e.s.ServerlessFunction [ServerlessFunction.java:61] Serverless function https://borlu6xgnnfq3rz3uumey4qdsy0tcfbb.lambda-url.us-west-2.on.aws/ triggerred. from Demo
2022-11-27 14:15:13,553 INFO [vert.x-eventloop-thread-3] a.u.d.e.e.s.ServerlessFunction [ServerlessFunction.java:61] Serverless function https://borlu6xgnnfq3rz3uumey4qdsy0tcfbb.lambda-url.us-west-2.on.aws/ triggerred. from Demo
2022-11-27 14:15:13,572 INFO [vert.x-eventloop-thread-7] a.u.d.e.e.s.ServerlessFunction [ServerlessFunction.java:61] Serverless function https://borlu6xgnnfq3rz3uumey4qdsy0tcfbb.lambda-url.us-west-2.on.aws/ triggerred. from Demo
2022-11-27 14:15:13,574 INFO [vert.x-eventloop-thread-0] a.u.d.e.e.s.ServerlessFunction [ServerlessFunction.java:61] Serverless function https://borlu6xgnnfq3rz3uumey4qdsy0tcfbb.lambda-url.us-west-2.on.aws/ triggerred. from Demo
2022-11-27 14:15:15,162 INFO [vert.x-eventloop-thread-2] a.u.d.e.e.s.ServerlessFunction [ServerlessFunction.java:63] Serverless function https://borlu6xgnnfq3rz3uumey4qdsy0tcfbb.lambda-url.us-west-2.on.aws/ finished from Demo
2022-11-27 14:15:15,470 INFO [vert.x-eventloop-thread-7] a.u.d.e.e.s.ServerlessFunction [ServerlessFunction.java:63] Serverless function https://borlu6xgnnfq3rz3uumey4qdsy0tcfbb.lambda-url.us-west-2.on.aws/ finished from Demo
2022-11-27 14:15:15,578 INFO [vert.x-eventloop-thread-7] a.u.d.e.e.s.ServerlessFunction [ServerlessFunction.java:63] Serverless function https://borlu6xgnnfq3rz3uumey4qdsy0tcfbb.lambda-url.us-west-2.on.aws/ finished from Demo
2022-11-27 14:15:15,879 INFO [vert.x-eventloop-thread-0] a.u.d.e.e.s.ServerlessFunction [ServerlessFunction.java:63] Serverless function https://borlu6xgnnfq3rz3uumey4qdsy0tcfbb.lambda-url.us-west-2.on.aws/ finished from Demo
2022-11-27 14:15:16,084 INFO [vert.x-eventloop-thread-1] a.u.d.e.e.s.ServerlessFunction [ServerlessFunction.java:63] Serverless function https://borlu6xgnnfq3rz3uumey4qdsy0tcfbb.lambda-url.us-west-2.on.aws/ finished from Demo
2022-11-27 14:15:16,397 INFO [vert.x-eventloop-thread-5] a.u.d.e.e.s.ServerlessFunction [ServerlessFunction.java:63] Serverless function https://borlu6xgnnfq3rz3uumey4qdsy0tcfbb.lambda-url.us-west-2.on.aws/ finished from Demo
2022-11-27 14:15:16,397 INFO [vert.x-eventloop-thread-4] a.u.d.e.e.s.ServerlessFunction [ServerlessFunction.java:63] Serverless function https://borlu6xgnnfq3rz3uumey4qdsy0tcfbb.lambda-url.us-west-2.on.aws/ finished from Demo
2022-11-27 14:15:16,501 INFO [vert.x-eventloop-thread-6] a.u.d.e.e.s.ServerlessFunction [ServerlessFunction.java:63] Serverless function https://borlu6xgnnfq3rz3uumey4qdsy0tcfbb.lambda-url.us-west-2.on.aws/ finished from Demo
2022-11-27 14:15:16,862 INFO [vert.x-eventloop-thread-3] a.u.d.e.e.s.ServerlessFunction [ServerlessFunction.java:63] Serverless function https://borlu6xgnnfq3rz3uumey4qdsy0tcfbb.lambda-url.us-west-2.on.aws/ finished from Demo
2022-11-27 14:15:16,966 INFO [vert.x-eventloop-thread-0] a.u.d.e.e.s.ServerlessFunction [ServerlessFunction.java:63] Serverless function https://borlu6xgnnfq3rz3uumey4qdsy0tcfbb.lambda-url.us-west-2.on.aws/ finished from Demo
2022-11-27 14:15:18,186 INFO [vert.x-eventloop-thread-4] a.u.d.e.e.s.ServerlessFunction [ServerlessFunction.java:61] Serverless function https://qqeggxwuykyu55qnq5j6kuy6h40jgsyo.lambda-url.us-west-2.on.aws/ triggerred. from Demo
2022-11-27 14:15:19,415 INFO [vert.x-eventloop-thread-4] a.u.d.e.e.s.ServerlessFunction [ServerlessFunction.java:63] Serverless function https://qqeggxwuykyu55qnq5j6kuy6h40jgsyo.lambda-url.us-west-2.on.aws/ finished from Demo
2022-11-27 14:15:20,288 INFO [vert.x-eventloop-thread-1] a.u.d.e.e.s.ServerlessFunction [ServerlessFunction.java:61] Serverless function https://uepmvywj7vu7am3ifzfjcv6yw40cgqdu.lambda-url.us-west-2.on.aws/ triggerred. from Demo
2022-11-27 14:15:20,289 INFO [vert.x-eventloop-thread-6] a.u.d.e.e.s.ServerlessFunction [ServerlessFunction.java:61] Serverless function https://uepmvywj7vu7am3ifzfjcv6yw40cgqdu.lambda-url.us-west-2.on.aws/ triggerred. from Demo
2022-11-27 14:15:20,288 INFO [vert.x-eventloop-thread-3] a.u.d.e.e.s.ServerlessFunction [ServerlessFunction.java:61] Serverless function https://uepmvywj7vu7am3ifzfjcv6yw40cgqdu.lambda-url.us-west-2.on.aws/ triggerred. from Demo
2022-11-27 14:15:20,293 INFO [vert.x-eventloop-thread-0] a.u.d.e.e.s.ServerlessFunction [ServerlessFunction.java:61] Serverless function https://uepmvywj7vu7am3ifzfjcv6yw40cgqdu.lambda-url.us-west-2.on.aws/ triggerred. from Demo
2022-11-27 14:15:20,294 INFO [vert.x-eventloop-thread-7] a.u.d.e.e.s.ServerlessFunction [ServerlessFunction.java:61] Serverless function https://uepmvywj7vu7am3ifzfjcv6yw40cgqdu.lambda-url.us-west-2.on.aws/ triggerred. from Demo
2022-11-27 14:15:21,306 INFO [vert.x-eventloop-thread-0] a.u.d.e.e.s.ServerlessFunction [ServerlessFunction.java:63] Serverless function https://uepmvywj7vu7am3ifzfjcv6yw40cgqdu.lambda-url.us-west-2.on.aws/ finished from Demo
2022-11-27 14:15:22,334 INFO [vert.x-eventloop-thread-7] a.u.d.e.e.s.ServerlessFunction [ServerlessFunction.java:63] Serverless function https://uepmvywj7vu7am3ifzfjcv6yw40cgqdu.lambda-url.us-west-2.on.aws/ finished from Demo
2022-11-27 14:15:22,334 INFO [vert.x-eventloop-thread-6] a.u.d.e.e.s.ServerlessFunction [ServerlessFunction.java:63] Serverless function https://uepmvywj7vu7am3ifzfjcv6yw40cgqdu.lambda-url.us-west-2.on.aws/ finished from Demo
2022-11-27 14:15:22,344 INFO [vert.x-eventloop-thread-3] a.u.d.e.e.s.ServerlessFunction [ServerlessFunction.java:63] Serverless function https://uepmvywj7vu7am3ifzfjcv6yw40cgqdu.lambda-url.us-west-2.on.aws/ finished from Demo
2022-11-27 14:15:23,866 INFO [vert.x-eventloop-thread-1] a.u.d.e.e.s.ServerlessFunction [ServerlessFunction.java:63] Serverless function https://uepmvywj7vu7am3ifzfjcv6yw40cgqdu.lambda-url.us-west-2.on.aws/ finished from Demo
2022-11-27 14:15:24,509 INFO [vert.x-eventloop-thread-0] a.u.d.e.i.o.OutputDataPrinter [OutputDataPrinter.java:30] Workflow executed correctly. from Demo
2022-11-27 14:15:24,510 INFO [vert.x-eventloop-thread-0] a.u.d.e.i.o.OutputDataPrinter [OutputDataPrinter.java:31] Enactment result: {"collages":["collages/7e81aa44-2b81-4880-98fc-451f1562f03b_HAPPY.jpg","collages/de66a77e-b2d8-4b25-a094-64c2b680270c_ANGRY.jpg","collages/f95b357f-ada7-4fe7-9bae-c8d4dec77c78_SURPRISED.jpg","collages/596e9eca-af58-4912-bf58-7c07581af67a_CALM.jpg","Too few images to make a collage"]} from Demo
