2022-11-27 14:13:59,757 INFO [pool-1-thread-1] a.u.d.e.c.v.VerticleManager [VerticleManager.java:62] Deployed 40 verticles. from Demo
2022-11-27 14:13:59,894 INFO [pool-1-thread-1] a.u.d.e.c.c.Control [Control.java:63] Pausing enactment. from Demo
2022-11-27 14:14:02,113 INFO [AWT-EventQueue-0] a.u.d.e.c.c.Control [Control.java:53] Resuming enactment. from Demo
2022-11-27 14:14:02,692 WARN [vert.x-eventloop-thread-1] i.n.r.d.DnsServerAddressStreamProviders [DnsServerAddressStreamProviders.java:70] Can not find io.netty.resolver.dns.macos.MacOSDnsServerAddressStreamProvider in the classpath, fallback to system defaults. This may result in incorrect DNS resolutions on MacOS. from Demo
2022-11-27 14:14:02,744 INFO [vert.x-eventloop-thread-1] a.u.d.e.e.s.ServerlessFunction [ServerlessFunction.java:61] Serverless function https://of2vu3uupakazn7bw5wi3mvw5e0feqlh.lambda-url.us-west-2.on.aws/ triggerred. from Demo
2022-11-27 14:14:04,415 INFO [vert.x-eventloop-thread-1] a.u.d.e.e.s.ServerlessFunction [ServerlessFunction.java:63] Serverless function https://of2vu3uupakazn7bw5wi3mvw5e0feqlh.lambda-url.us-west-2.on.aws/ finished from Demo
2022-11-27 14:14:05,210 INFO [vert.x-eventloop-thread-3] a.u.d.e.e.s.ServerlessFunction [ServerlessFunction.java:61] Serverless function https://menvzeryb4e4rfr3htlo7fjf2e0btfqt.lambda-url.us-west-2.on.aws/ triggerred. from Demo
2022-11-27 14:14:05,224 INFO [vert.x-eventloop-thread-4] a.u.d.e.e.s.ServerlessFunction [ServerlessFunction.java:61] Serverless function https://menvzeryb4e4rfr3htlo7fjf2e0btfqt.lambda-url.us-west-2.on.aws/ triggerred. from Demo
2022-11-27 14:14:05,246 INFO [vert.x-eventloop-thread-5] a.u.d.e.e.s.ServerlessFunction [ServerlessFunction.java:61] Serverless function https://menvzeryb4e4rfr3htlo7fjf2e0btfqt.lambda-url.us-west-2.on.aws/ triggerred. from Demo
2022-11-27 14:14:05,235 INFO [vert.x-eventloop-thread-6] a.u.d.e.e.s.ServerlessFunction [ServerlessFunction.java:61] Serverless function https://menvzeryb4e4rfr3htlo7fjf2e0btfqt.lambda-url.us-west-2.on.aws/ triggerred. from Demo
2022-11-27 14:14:05,256 INFO [vert.x-eventloop-thread-0] a.u.d.e.e.s.ServerlessFunction [ServerlessFunction.java:61] Serverless function https://menvzeryb4e4rfr3htlo7fjf2e0btfqt.lambda-url.us-west-2.on.aws/ triggerred. from Demo
2022-11-27 14:14:05,257 INFO [vert.x-eventloop-thread-1] a.u.d.e.e.s.ServerlessFunction [ServerlessFunction.java:61] Serverless function https://menvzeryb4e4rfr3htlo7fjf2e0btfqt.lambda-url.us-west-2.on.aws/ triggerred. from Demo
2022-11-27 14:14:05,260 INFO [vert.x-eventloop-thread-7] a.u.d.e.e.s.ServerlessFunction [ServerlessFunction.java:61] Serverless function https://menvzeryb4e4rfr3htlo7fjf2e0btfqt.lambda-url.us-west-2.on.aws/ triggerred. from Demo
2022-11-27 14:14:05,263 INFO [vert.x-eventloop-thread-2] a.u.d.e.e.s.ServerlessFunction [ServerlessFunction.java:61] Serverless function https://menvzeryb4e4rfr3htlo7fjf2e0btfqt.lambda-url.us-west-2.on.aws/ triggerred. from Demo
2022-11-27 14:14:05,264 INFO [vert.x-eventloop-thread-3] a.u.d.e.e.s.ServerlessFunction [ServerlessFunction.java:61] Serverless function https://menvzeryb4e4rfr3htlo7fjf2e0btfqt.lambda-url.us-west-2.on.aws/ triggerred. from Demo
2022-11-27 14:14:05,267 INFO [vert.x-eventloop-thread-4] a.u.d.e.e.s.ServerlessFunction [ServerlessFunction.java:61] Serverless function https://menvzeryb4e4rfr3htlo7fjf2e0btfqt.lambda-url.us-west-2.on.aws/ triggerred. from Demo
2022-11-27 14:14:07,071 INFO [vert.x-eventloop-thread-4] a.u.d.e.e.s.ServerlessFunction [ServerlessFunction.java:63] Serverless function https://menvzeryb4e4rfr3htlo7fjf2e0btfqt.lambda-url.us-west-2.on.aws/ finished from Demo
2022-11-27 14:14:07,071 INFO [vert.x-eventloop-thread-6] a.u.d.e.e.s.ServerlessFunction [ServerlessFunction.java:63] Serverless function https://menvzeryb4e4rfr3htlo7fjf2e0btfqt.lambda-url.us-west-2.on.aws/ finished from Demo
2022-11-27 14:14:07,133 INFO [vert.x-eventloop-thread-1] a.u.d.e.e.s.ServerlessFunction [ServerlessFunction.java:63] Serverless function https://menvzeryb4e4rfr3htlo7fjf2e0btfqt.lambda-url.us-west-2.on.aws/ finished from Demo
2022-11-27 14:14:07,154 INFO [vert.x-eventloop-thread-5] a.u.d.e.e.s.ServerlessFunction [ServerlessFunction.java:63] Serverless function https://menvzeryb4e4rfr3htlo7fjf2e0btfqt.lambda-url.us-west-2.on.aws/ finished from Demo
2022-11-27 14:14:07,432 INFO [vert.x-eventloop-thread-0] a.u.d.e.e.s.ServerlessFunction [ServerlessFunction.java:63] Serverless function https://menvzeryb4e4rfr3htlo7fjf2e0btfqt.lambda-url.us-west-2.on.aws/ finished from Demo
2022-11-27 14:14:07,492 INFO [vert.x-eventloop-thread-2] a.u.d.e.e.s.ServerlessFunction [ServerlessFunction.java:63] Serverless function https://menvzeryb4e4rfr3htlo7fjf2e0btfqt.lambda-url.us-west-2.on.aws/ finished from Demo
2022-11-27 14:14:07,541 INFO [vert.x-eventloop-thread-4] a.u.d.e.e.s.ServerlessFunction [ServerlessFunction.java:63] Serverless function https://menvzeryb4e4rfr3htlo7fjf2e0btfqt.lambda-url.us-west-2.on.aws/ finished from Demo
2022-11-27 14:14:07,663 INFO [vert.x-eventloop-thread-7] a.u.d.e.e.s.ServerlessFunction [ServerlessFunction.java:63] Serverless function https://menvzeryb4e4rfr3htlo7fjf2e0btfqt.lambda-url.us-west-2.on.aws/ finished from Demo
2022-11-27 14:14:07,789 INFO [vert.x-eventloop-thread-3] a.u.d.e.e.s.ServerlessFunction [ServerlessFunction.java:63] Serverless function https://menvzeryb4e4rfr3htlo7fjf2e0btfqt.lambda-url.us-west-2.on.aws/ finished from Demo
2022-11-27 14:14:07,809 INFO [vert.x-eventloop-thread-3] a.u.d.e.e.s.ServerlessFunction [ServerlessFunction.java:63] Serverless function https://menvzeryb4e4rfr3htlo7fjf2e0btfqt.lambda-url.us-west-2.on.aws/ finished from Demo
2022-11-27 14:14:10,212 INFO [vert.x-eventloop-thread-1] a.u.d.e.e.s.ServerlessFunction [ServerlessFunction.java:61] Serverless function https://borlu6xgnnfq3rz3uumey4qdsy0tcfbb.lambda-url.us-west-2.on.aws/ triggerred. from Demo
2022-11-27 14:14:10,243 INFO [vert.x-eventloop-thread-7] a.u.d.e.e.s.ServerlessFunction [ServerlessFunction.java:61] Serverless function https://borlu6xgnnfq3rz3uumey4qdsy0tcfbb.lambda-url.us-west-2.on.aws/ triggerred. from Demo
2022-11-27 14:14:10,244 INFO [vert.x-eventloop-thread-0] a.u.d.e.e.s.ServerlessFunction [ServerlessFunction.java:61] Serverless function https://borlu6xgnnfq3rz3uumey4qdsy0tcfbb.lambda-url.us-west-2.on.aws/ triggerred. from Demo
2022-11-27 14:14:10,244 INFO [vert.x-eventloop-thread-2] a.u.d.e.e.s.ServerlessFunction [ServerlessFunction.java:61] Serverless function https://borlu6xgnnfq3rz3uumey4qdsy0tcfbb.lambda-url.us-west-2.on.aws/ triggerred. from Demo
2022-11-27 14:14:10,251 INFO [vert.x-eventloop-thread-4] a.u.d.e.e.s.ServerlessFunction [ServerlessFunction.java:61] Serverless function https://borlu6xgnnfq3rz3uumey4qdsy0tcfbb.lambda-url.us-west-2.on.aws/ triggerred. from Demo
2022-11-27 14:14:10,257 INFO [vert.x-eventloop-thread-3] a.u.d.e.e.s.ServerlessFunction [ServerlessFunction.java:61] Serverless function https://borlu6xgnnfq3rz3uumey4qdsy0tcfbb.lambda-url.us-west-2.on.aws/ triggerred. from Demo
2022-11-27 14:14:10,304 INFO [vert.x-eventloop-thread-7] a.u.d.e.e.s.ServerlessFunction [ServerlessFunction.java:61] Serverless function https://borlu6xgnnfq3rz3uumey4qdsy0tcfbb.lambda-url.us-west-2.on.aws/ triggerred. from Demo
2022-11-27 14:14:10,310 INFO [vert.x-eventloop-thread-6] a.u.d.e.e.s.ServerlessFunction [ServerlessFunction.java:61] Serverless function https://borlu6xgnnfq3rz3uumey4qdsy0tcfbb.lambda-url.us-west-2.on.aws/ triggerred. from Demo
2022-11-27 14:14:10,321 INFO [vert.x-eventloop-thread-0] a.u.d.e.e.s.ServerlessFunction [ServerlessFunction.java:61] Serverless function https://borlu6xgnnfq3rz3uumey4qdsy0tcfbb.lambda-url.us-west-2.on.aws/ triggerred. from Demo
2022-11-27 14:14:10,335 INFO [vert.x-eventloop-thread-5] a.u.d.e.e.s.ServerlessFunction [ServerlessFunction.java:61] Serverless function https://borlu6xgnnfq3rz3uumey4qdsy0tcfbb.lambda-url.us-west-2.on.aws/ triggerred. from Demo
2022-11-27 14:14:11,677 INFO [vert.x-eventloop-thread-0] a.u.d.e.e.s.ServerlessFunction [ServerlessFunction.java:63] Serverless function https://borlu6xgnnfq3rz3uumey4qdsy0tcfbb.lambda-url.us-west-2.on.aws/ finished from Demo
2022-11-27 14:14:11,986 INFO [vert.x-eventloop-thread-7] a.u.d.e.e.s.ServerlessFunction [ServerlessFunction.java:63] Serverless function https://borlu6xgnnfq3rz3uumey4qdsy0tcfbb.lambda-url.us-west-2.on.aws/ finished from Demo
2022-11-27 14:14:12,191 INFO [vert.x-eventloop-thread-6] a.u.d.e.e.s.ServerlessFunction [ServerlessFunction.java:63] Serverless function https://borlu6xgnnfq3rz3uumey4qdsy0tcfbb.lambda-url.us-west-2.on.aws/ finished from Demo
2022-11-27 14:14:12,214 INFO [vert.x-eventloop-thread-1] a.u.d.e.e.s.ServerlessFunction [ServerlessFunction.java:63] Serverless function https://borlu6xgnnfq3rz3uumey4qdsy0tcfbb.lambda-url.us-west-2.on.aws/ finished from Demo
2022-11-27 14:14:12,701 INFO [vert.x-eventloop-thread-2] a.u.d.e.e.s.ServerlessFunction [ServerlessFunction.java:63] Serverless function https://borlu6xgnnfq3rz3uumey4qdsy0tcfbb.lambda-url.us-west-2.on.aws/ finished from Demo
2022-11-27 14:14:12,907 INFO [vert.x-eventloop-thread-3] a.u.d.e.e.s.ServerlessFunction [ServerlessFunction.java:63] Serverless function https://borlu6xgnnfq3rz3uumey4qdsy0tcfbb.lambda-url.us-west-2.on.aws/ finished from Demo
2022-11-27 14:14:12,907 INFO [vert.x-eventloop-thread-4] a.u.d.e.e.s.ServerlessFunction [ServerlessFunction.java:63] Serverless function https://borlu6xgnnfq3rz3uumey4qdsy0tcfbb.lambda-url.us-west-2.on.aws/ finished from Demo
2022-11-27 14:14:12,994 INFO [vert.x-eventloop-thread-0] a.u.d.e.e.s.ServerlessFunction [ServerlessFunction.java:63] Serverless function https://borlu6xgnnfq3rz3uumey4qdsy0tcfbb.lambda-url.us-west-2.on.aws/ finished from Demo
2022-11-27 14:14:13,418 INFO [vert.x-eventloop-thread-5] a.u.d.e.e.s.ServerlessFunction [ServerlessFunction.java:63] Serverless function https://borlu6xgnnfq3rz3uumey4qdsy0tcfbb.lambda-url.us-west-2.on.aws/ finished from Demo
2022-11-27 14:14:13,452 INFO [vert.x-eventloop-thread-7] a.u.d.e.e.s.ServerlessFunction [ServerlessFunction.java:63] Serverless function https://borlu6xgnnfq3rz3uumey4qdsy0tcfbb.lambda-url.us-west-2.on.aws/ finished from Demo
2022-11-27 14:14:16,075 WARN [vertx-blocked-thread-checker] i.v.c.i.BlockedThreadChecker [?:?] Thread Thread[vert.x-eventloop-thread-4,5,main] has been blocked for 2618 ms, time limit is 2000 ms from Demo
2022-11-27 14:14:16,264 INFO [vert.x-eventloop-thread-2] a.u.d.e.e.s.ServerlessFunction [ServerlessFunction.java:61] Serverless function https://qqeggxwuykyu55qnq5j6kuy6h40jgsyo.lambda-url.us-west-2.on.aws/ triggerred. from Demo
2022-11-27 14:14:17,402 INFO [vert.x-eventloop-thread-2] a.u.d.e.e.s.ServerlessFunction [ServerlessFunction.java:63] Serverless function https://qqeggxwuykyu55qnq5j6kuy6h40jgsyo.lambda-url.us-west-2.on.aws/ finished from Demo
2022-11-27 14:14:18,274 INFO [vert.x-eventloop-thread-5] a.u.d.e.e.s.ServerlessFunction [ServerlessFunction.java:61] Serverless function https://uepmvywj7vu7am3ifzfjcv6yw40cgqdu.lambda-url.us-west-2.on.aws/ triggerred. from Demo
2022-11-27 14:14:18,275 INFO [vert.x-eventloop-thread-6] a.u.d.e.e.s.ServerlessFunction [ServerlessFunction.java:61] Serverless function https://uepmvywj7vu7am3ifzfjcv6yw40cgqdu.lambda-url.us-west-2.on.aws/ triggerred. from Demo
2022-11-27 14:14:18,275 INFO [vert.x-eventloop-thread-4] a.u.d.e.e.s.ServerlessFunction [ServerlessFunction.java:61] Serverless function https://uepmvywj7vu7am3ifzfjcv6yw40cgqdu.lambda-url.us-west-2.on.aws/ triggerred. from Demo
2022-11-27 14:14:18,278 INFO [vert.x-eventloop-thread-7] a.u.d.e.e.s.ServerlessFunction [ServerlessFunction.java:61] Serverless function https://uepmvywj7vu7am3ifzfjcv6yw40cgqdu.lambda-url.us-west-2.on.aws/ triggerred. from Demo
2022-11-27 14:14:18,278 INFO [vert.x-eventloop-thread-0] a.u.d.e.e.s.ServerlessFunction [ServerlessFunction.java:61] Serverless function https://uepmvywj7vu7am3ifzfjcv6yw40cgqdu.lambda-url.us-west-2.on.aws/ triggerred. from Demo
2022-11-27 14:14:19,365 INFO [vert.x-eventloop-thread-0] a.u.d.e.e.s.ServerlessFunction [ServerlessFunction.java:63] Serverless function https://uepmvywj7vu7am3ifzfjcv6yw40cgqdu.lambda-url.us-west-2.on.aws/ finished from Demo
2022-11-27 14:14:20,326 INFO [vert.x-eventloop-thread-7] a.u.d.e.e.s.ServerlessFunction [ServerlessFunction.java:63] Serverless function https://uepmvywj7vu7am3ifzfjcv6yw40cgqdu.lambda-url.us-west-2.on.aws/ finished from Demo
2022-11-27 14:14:20,338 INFO [vert.x-eventloop-thread-5] a.u.d.e.e.s.ServerlessFunction [ServerlessFunction.java:63] Serverless function https://uepmvywj7vu7am3ifzfjcv6yw40cgqdu.lambda-url.us-west-2.on.aws/ finished from Demo
2022-11-27 14:14:20,791 INFO [vert.x-eventloop-thread-6] a.u.d.e.e.s.ServerlessFunction [ServerlessFunction.java:63] Serverless function https://uepmvywj7vu7am3ifzfjcv6yw40cgqdu.lambda-url.us-west-2.on.aws/ finished from Demo
2022-11-27 14:14:22,081 INFO [vert.x-eventloop-thread-4] a.u.d.e.e.s.ServerlessFunction [ServerlessFunction.java:63] Serverless function https://uepmvywj7vu7am3ifzfjcv6yw40cgqdu.lambda-url.us-west-2.on.aws/ finished from Demo
2022-11-27 14:14:22,980 INFO [vert.x-eventloop-thread-0] a.u.d.e.i.o.OutputDataPrinter [OutputDataPrinter.java:30] Workflow executed correctly. from Demo
2022-11-27 14:14:22,980 INFO [vert.x-eventloop-thread-0] a.u.d.e.i.o.OutputDataPrinter [OutputDataPrinter.java:31] Enactment result: {"collages":["collages/750e3dc5-d842-44ec-a6e0-fa74210dbca1_HAPPY.jpg","collages/7211126b-5b2f-470b-940c-0573ed70103c_ANGRY.jpg","collages/5139dfbc-b670-4bd0-8526-34f8b2b3bdba_SURPRISED.jpg","collages/82c1eb92-413a-42ed-b65b-2538a0448d9d_CALM.jpg","Too few images to make a collage"]} from Demo
