2022-11-27 14:13:01,901 INFO [pool-1-thread-1] a.u.d.e.c.v.VerticleManager [VerticleManager.java:62] Deployed 40 verticles. from Demo
2022-11-27 14:13:02,016 INFO [pool-1-thread-1] a.u.d.e.c.c.Control [Control.java:63] Pausing enactment. from Demo
2022-11-27 14:13:04,228 INFO [AWT-EventQueue-0] a.u.d.e.c.c.Control [Control.java:53] Resuming enactment. from Demo
2022-11-27 14:13:04,904 WARN [vert.x-eventloop-thread-4] i.n.r.d.DnsServerAddressStreamProviders [DnsServerAddressStreamProviders.java:70] Can not find io.netty.resolver.dns.macos.MacOSDnsServerAddressStreamProvider in the classpath, fallback to system defaults. This may result in incorrect DNS resolutions on MacOS. from Demo
2022-11-27 14:13:04,952 INFO [vert.x-eventloop-thread-4] a.u.d.e.e.s.ServerlessFunction [ServerlessFunction.java:61] Serverless function https://of2vu3uupakazn7bw5wi3mvw5e0feqlh.lambda-url.us-west-2.on.aws/ triggerred. from Demo
2022-11-27 14:13:06,974 INFO [vert.x-eventloop-thread-4] a.u.d.e.e.s.ServerlessFunction [ServerlessFunction.java:63] Serverless function https://of2vu3uupakazn7bw5wi3mvw5e0feqlh.lambda-url.us-west-2.on.aws/ finished from Demo
2022-11-27 14:13:07,623 INFO [vert.x-eventloop-thread-4] a.u.d.e.e.s.ServerlessFunction [ServerlessFunction.java:61] Serverless function https://menvzeryb4e4rfr3htlo7fjf2e0btfqt.lambda-url.us-west-2.on.aws/ triggerred. from Demo
2022-11-27 14:13:07,637 INFO [vert.x-eventloop-thread-3] a.u.d.e.e.s.ServerlessFunction [ServerlessFunction.java:61] Serverless function https://menvzeryb4e4rfr3htlo7fjf2e0btfqt.lambda-url.us-west-2.on.aws/ triggerred. from Demo
2022-11-27 14:13:07,647 INFO [vert.x-eventloop-thread-1] a.u.d.e.e.s.ServerlessFunction [ServerlessFunction.java:61] Serverless function https://menvzeryb4e4rfr3htlo7fjf2e0btfqt.lambda-url.us-west-2.on.aws/ triggerred. from Demo
2022-11-27 14:13:07,660 INFO [vert.x-eventloop-thread-5] a.u.d.e.e.s.ServerlessFunction [ServerlessFunction.java:61] Serverless function https://menvzeryb4e4rfr3htlo7fjf2e0btfqt.lambda-url.us-west-2.on.aws/ triggerred. from Demo
2022-11-27 14:13:07,661 INFO [vert.x-eventloop-thread-7] a.u.d.e.e.s.ServerlessFunction [ServerlessFunction.java:61] Serverless function https://menvzeryb4e4rfr3htlo7fjf2e0btfqt.lambda-url.us-west-2.on.aws/ triggerred. from Demo
2022-11-27 14:13:07,663 INFO [vert.x-eventloop-thread-0] a.u.d.e.e.s.ServerlessFunction [ServerlessFunction.java:61] Serverless function https://menvzeryb4e4rfr3htlo7fjf2e0btfqt.lambda-url.us-west-2.on.aws/ triggerred. from Demo
2022-11-27 14:13:07,666 INFO [vert.x-eventloop-thread-6] a.u.d.e.e.s.ServerlessFunction [ServerlessFunction.java:61] Serverless function https://menvzeryb4e4rfr3htlo7fjf2e0btfqt.lambda-url.us-west-2.on.aws/ triggerred. from Demo
2022-11-27 14:13:07,667 INFO [vert.x-eventloop-thread-2] a.u.d.e.e.s.ServerlessFunction [ServerlessFunction.java:61] Serverless function https://menvzeryb4e4rfr3htlo7fjf2e0btfqt.lambda-url.us-west-2.on.aws/ triggerred. from Demo
2022-11-27 14:13:07,670 INFO [vert.x-eventloop-thread-3] a.u.d.e.e.s.ServerlessFunction [ServerlessFunction.java:61] Serverless function https://menvzeryb4e4rfr3htlo7fjf2e0btfqt.lambda-url.us-west-2.on.aws/ triggerred. from Demo
2022-11-27 14:13:07,670 INFO [vert.x-eventloop-thread-1] a.u.d.e.e.s.ServerlessFunction [ServerlessFunction.java:61] Serverless function https://menvzeryb4e4rfr3htlo7fjf2e0btfqt.lambda-url.us-west-2.on.aws/ triggerred. from Demo
2022-11-27 14:13:09,113 INFO [vert.x-eventloop-thread-6] a.u.d.e.e.s.ServerlessFunction [ServerlessFunction.java:63] Serverless function https://menvzeryb4e4rfr3htlo7fjf2e0btfqt.lambda-url.us-west-2.on.aws/ finished from Demo
2022-11-27 14:13:09,318 INFO [vert.x-eventloop-thread-5] a.u.d.e.e.s.ServerlessFunction [ServerlessFunction.java:63] Serverless function https://menvzeryb4e4rfr3htlo7fjf2e0btfqt.lambda-url.us-west-2.on.aws/ finished from Demo
2022-11-27 14:13:09,406 INFO [vert.x-eventloop-thread-3] a.u.d.e.e.s.ServerlessFunction [ServerlessFunction.java:63] Serverless function https://menvzeryb4e4rfr3htlo7fjf2e0btfqt.lambda-url.us-west-2.on.aws/ finished from Demo
2022-11-27 14:13:09,570 INFO [vert.x-eventloop-thread-0] a.u.d.e.e.s.ServerlessFunction [ServerlessFunction.java:63] Serverless function https://menvzeryb4e4rfr3htlo7fjf2e0btfqt.lambda-url.us-west-2.on.aws/ finished from Demo
2022-11-27 14:13:09,584 INFO [vert.x-eventloop-thread-4] a.u.d.e.e.s.ServerlessFunction [ServerlessFunction.java:63] Serverless function https://menvzeryb4e4rfr3htlo7fjf2e0btfqt.lambda-url.us-west-2.on.aws/ finished from Demo
2022-11-27 14:13:09,729 INFO [vert.x-eventloop-thread-1] a.u.d.e.e.s.ServerlessFunction [ServerlessFunction.java:63] Serverless function https://menvzeryb4e4rfr3htlo7fjf2e0btfqt.lambda-url.us-west-2.on.aws/ finished from Demo
2022-11-27 14:13:09,938 INFO [vert.x-eventloop-thread-2] a.u.d.e.e.s.ServerlessFunction [ServerlessFunction.java:63] Serverless function https://menvzeryb4e4rfr3htlo7fjf2e0btfqt.lambda-url.us-west-2.on.aws/ finished from Demo
2022-11-27 14:13:09,943 INFO [vert.x-eventloop-thread-7] a.u.d.e.e.s.ServerlessFunction [ServerlessFunction.java:63] Serverless function https://menvzeryb4e4rfr3htlo7fjf2e0btfqt.lambda-url.us-west-2.on.aws/ finished from Demo
2022-11-27 14:13:09,943 INFO [vert.x-eventloop-thread-1] a.u.d.e.e.s.ServerlessFunction [ServerlessFunction.java:63] Serverless function https://menvzeryb4e4rfr3htlo7fjf2e0btfqt.lambda-url.us-west-2.on.aws/ finished from Demo
2022-11-27 14:13:10,442 INFO [vert.x-eventloop-thread-3] a.u.d.e.e.s.ServerlessFunction [ServerlessFunction.java:63] Serverless function https://menvzeryb4e4rfr3htlo7fjf2e0btfqt.lambda-url.us-west-2.on.aws/ finished from Demo
2022-11-27 14:13:11,829 INFO [vert.x-eventloop-thread-4] a.u.d.e.e.s.ServerlessFunction [ServerlessFunction.java:61] Serverless function https://borlu6xgnnfq3rz3uumey4qdsy0tcfbb.lambda-url.us-west-2.on.aws/ triggerred. from Demo
2022-11-27 14:13:11,838 INFO [vert.x-eventloop-thread-7] a.u.d.e.e.s.ServerlessFunction [ServerlessFunction.java:61] Serverless function https://borlu6xgnnfq3rz3uumey4qdsy0tcfbb.lambda-url.us-west-2.on.aws/ triggerred. from Demo
2022-11-27 14:13:11,845 INFO [vert.x-eventloop-thread-0] a.u.d.e.e.s.ServerlessFunction [ServerlessFunction.java:61] Serverless function https://borlu6xgnnfq3rz3uumey4qdsy0tcfbb.lambda-url.us-west-2.on.aws/ triggerred. from Demo
2022-11-27 14:13:11,889 INFO [vert.x-eventloop-thread-3] a.u.d.e.e.s.ServerlessFunction [ServerlessFunction.java:61] Serverless function https://borlu6xgnnfq3rz3uumey4qdsy0tcfbb.lambda-url.us-west-2.on.aws/ triggerred. from Demo
2022-11-27 14:13:11,898 INFO [vert.x-eventloop-thread-2] a.u.d.e.e.s.ServerlessFunction [ServerlessFunction.java:61] Serverless function https://borlu6xgnnfq3rz3uumey4qdsy0tcfbb.lambda-url.us-west-2.on.aws/ triggerred. from Demo
2022-11-27 14:13:11,915 INFO [vert.x-eventloop-thread-5] a.u.d.e.e.s.ServerlessFunction [ServerlessFunction.java:61] Serverless function https://borlu6xgnnfq3rz3uumey4qdsy0tcfbb.lambda-url.us-west-2.on.aws/ triggerred. from Demo
2022-11-27 14:13:11,915 INFO [vert.x-eventloop-thread-1] a.u.d.e.e.s.ServerlessFunction [ServerlessFunction.java:61] Serverless function https://borlu6xgnnfq3rz3uumey4qdsy0tcfbb.lambda-url.us-west-2.on.aws/ triggerred. from Demo
2022-11-27 14:13:11,924 INFO [vert.x-eventloop-thread-0] a.u.d.e.e.s.ServerlessFunction [ServerlessFunction.java:61] Serverless function https://borlu6xgnnfq3rz3uumey4qdsy0tcfbb.lambda-url.us-west-2.on.aws/ triggerred. from Demo
2022-11-27 14:13:11,927 INFO [vert.x-eventloop-thread-6] a.u.d.e.e.s.ServerlessFunction [ServerlessFunction.java:61] Serverless function https://borlu6xgnnfq3rz3uumey4qdsy0tcfbb.lambda-url.us-west-2.on.aws/ triggerred. from Demo
2022-11-27 14:13:11,940 INFO [vert.x-eventloop-thread-7] a.u.d.e.e.s.ServerlessFunction [ServerlessFunction.java:61] Serverless function https://borlu6xgnnfq3rz3uumey4qdsy0tcfbb.lambda-url.us-west-2.on.aws/ triggerred. from Demo
2022-11-27 14:13:13,309 INFO [vert.x-eventloop-thread-7] a.u.d.e.e.s.ServerlessFunction [ServerlessFunction.java:63] Serverless function https://borlu6xgnnfq3rz3uumey4qdsy0tcfbb.lambda-url.us-west-2.on.aws/ finished from Demo
2022-11-27 14:13:13,515 INFO [vert.x-eventloop-thread-0] a.u.d.e.e.s.ServerlessFunction [ServerlessFunction.java:63] Serverless function https://borlu6xgnnfq3rz3uumey4qdsy0tcfbb.lambda-url.us-west-2.on.aws/ finished from Demo
2022-11-27 14:13:13,821 INFO [vert.x-eventloop-thread-0] a.u.d.e.e.s.ServerlessFunction [ServerlessFunction.java:63] Serverless function https://borlu6xgnnfq3rz3uumey4qdsy0tcfbb.lambda-url.us-west-2.on.aws/ finished from Demo
2022-11-27 14:13:13,919 INFO [vert.x-eventloop-thread-4] a.u.d.e.e.s.ServerlessFunction [ServerlessFunction.java:63] Serverless function https://borlu6xgnnfq3rz3uumey4qdsy0tcfbb.lambda-url.us-west-2.on.aws/ finished from Demo
2022-11-27 14:13:14,232 INFO [vert.x-eventloop-thread-3] a.u.d.e.e.s.ServerlessFunction [ServerlessFunction.java:63] Serverless function https://borlu6xgnnfq3rz3uumey4qdsy0tcfbb.lambda-url.us-west-2.on.aws/ finished from Demo
2022-11-27 14:13:14,437 INFO [vert.x-eventloop-thread-2] a.u.d.e.e.s.ServerlessFunction [ServerlessFunction.java:63] Serverless function https://borlu6xgnnfq3rz3uumey4qdsy0tcfbb.lambda-url.us-west-2.on.aws/ finished from Demo
2022-11-27 14:13:14,743 INFO [vert.x-eventloop-thread-1] a.u.d.e.e.s.ServerlessFunction [ServerlessFunction.java:63] Serverless function https://borlu6xgnnfq3rz3uumey4qdsy0tcfbb.lambda-url.us-west-2.on.aws/ finished from Demo
2022-11-27 14:13:14,743 INFO [vert.x-eventloop-thread-6] a.u.d.e.e.s.ServerlessFunction [ServerlessFunction.java:63] Serverless function https://borlu6xgnnfq3rz3uumey4qdsy0tcfbb.lambda-url.us-west-2.on.aws/ finished from Demo
2022-11-27 14:13:15,153 INFO [vert.x-eventloop-thread-5] a.u.d.e.e.s.ServerlessFunction [ServerlessFunction.java:63] Serverless function https://borlu6xgnnfq3rz3uumey4qdsy0tcfbb.lambda-url.us-west-2.on.aws/ finished from Demo
2022-11-27 14:13:15,248 INFO [vert.x-eventloop-thread-7] a.u.d.e.e.s.ServerlessFunction [ServerlessFunction.java:63] Serverless function https://borlu6xgnnfq3rz3uumey4qdsy0tcfbb.lambda-url.us-west-2.on.aws/ finished from Demo
2022-11-27 14:13:16,101 INFO [vert.x-eventloop-thread-2] a.u.d.e.e.s.ServerlessFunction [ServerlessFunction.java:61] Serverless function https://qqeggxwuykyu55qnq5j6kuy6h40jgsyo.lambda-url.us-west-2.on.aws/ triggerred. from Demo
2022-11-27 14:13:17,221 INFO [vert.x-eventloop-thread-2] a.u.d.e.e.s.ServerlessFunction [ServerlessFunction.java:63] Serverless function https://qqeggxwuykyu55qnq5j6kuy6h40jgsyo.lambda-url.us-west-2.on.aws/ finished from Demo
2022-11-27 14:13:17,887 INFO [vert.x-eventloop-thread-1] a.u.d.e.e.s.ServerlessFunction [ServerlessFunction.java:61] Serverless function https://uepmvywj7vu7am3ifzfjcv6yw40cgqdu.lambda-url.us-west-2.on.aws/ triggerred. from Demo
2022-11-27 14:13:17,913 INFO [vert.x-eventloop-thread-7] a.u.d.e.e.s.ServerlessFunction [ServerlessFunction.java:61] Serverless function https://uepmvywj7vu7am3ifzfjcv6yw40cgqdu.lambda-url.us-west-2.on.aws/ triggerred. from Demo
2022-11-27 14:13:17,912 INFO [vert.x-eventloop-thread-6] a.u.d.e.e.s.ServerlessFunction [ServerlessFunction.java:61] Serverless function https://uepmvywj7vu7am3ifzfjcv6yw40cgqdu.lambda-url.us-west-2.on.aws/ triggerred. from Demo
2022-11-27 14:13:17,912 INFO [vert.x-eventloop-thread-5] a.u.d.e.e.s.ServerlessFunction [ServerlessFunction.java:61] Serverless function https://uepmvywj7vu7am3ifzfjcv6yw40cgqdu.lambda-url.us-west-2.on.aws/ triggerred. from Demo
2022-11-27 14:13:17,917 INFO [vert.x-eventloop-thread-0] a.u.d.e.e.s.ServerlessFunction [ServerlessFunction.java:61] Serverless function https://uepmvywj7vu7am3ifzfjcv6yw40cgqdu.lambda-url.us-west-2.on.aws/ triggerred. from Demo
2022-11-27 14:13:18,736 INFO [vert.x-eventloop-thread-0] a.u.d.e.e.s.ServerlessFunction [ServerlessFunction.java:63] Serverless function https://uepmvywj7vu7am3ifzfjcv6yw40cgqdu.lambda-url.us-west-2.on.aws/ finished from Demo
2022-11-27 14:13:19,800 INFO [vert.x-eventloop-thread-6] a.u.d.e.e.s.ServerlessFunction [ServerlessFunction.java:63] Serverless function https://uepmvywj7vu7am3ifzfjcv6yw40cgqdu.lambda-url.us-west-2.on.aws/ finished from Demo
2022-11-27 14:13:19,823 INFO [vert.x-eventloop-thread-7] a.u.d.e.e.s.ServerlessFunction [ServerlessFunction.java:63] Serverless function https://uepmvywj7vu7am3ifzfjcv6yw40cgqdu.lambda-url.us-west-2.on.aws/ finished from Demo
2022-11-27 14:13:20,091 INFO [vert.x-eventloop-thread-5] a.u.d.e.e.s.ServerlessFunction [ServerlessFunction.java:63] Serverless function https://uepmvywj7vu7am3ifzfjcv6yw40cgqdu.lambda-url.us-west-2.on.aws/ finished from Demo
2022-11-27 14:13:21,705 INFO [vert.x-eventloop-thread-1] a.u.d.e.e.s.ServerlessFunction [ServerlessFunction.java:63] Serverless function https://uepmvywj7vu7am3ifzfjcv6yw40cgqdu.lambda-url.us-west-2.on.aws/ finished from Demo
2022-11-27 14:13:22,374 INFO [vert.x-eventloop-thread-0] a.u.d.e.i.o.OutputDataPrinter [OutputDataPrinter.java:30] Workflow executed correctly. from Demo
2022-11-27 14:13:22,374 INFO [vert.x-eventloop-thread-0] a.u.d.e.i.o.OutputDataPrinter [OutputDataPrinter.java:31] Enactment result: {"collages":["collages/83872443-3422-4d57-b9c3-04b01735ebfc_HAPPY.jpg","collages/102b6e5b-b1ac-4ac3-8dfb-dd9959969375_ANGRY.jpg","collages/d8b38cc3-a535-4056-8c67-c44ed366b711_SURPRISED.jpg","collages/6494fe6d-73d9-4ff4-b2b2-75e5a00ac154_CALM.jpg","Too few images to make a collage"]} from Demo
