2022-11-27 14:10:19,732 INFO [pool-1-thread-1] a.u.d.e.c.v.VerticleManager [VerticleManager.java:62] Deployed 40 verticles. from Demo
2022-11-27 14:10:19,886 INFO [pool-1-thread-1] a.u.d.e.c.c.Control [Control.java:63] Pausing enactment. from Demo
2022-11-27 14:10:21,965 INFO [AWT-EventQueue-0] a.u.d.e.c.c.Control [Control.java:53] Resuming enactment. from Demo
2022-11-27 14:10:22,459 WARN [vert.x-eventloop-thread-1] i.n.r.d.DnsServerAddressStreamProviders [DnsServerAddressStreamProviders.java:70] Can not find io.netty.resolver.dns.macos.MacOSDnsServerAddressStreamProvider in the classpath, fallback to system defaults. This may result in incorrect DNS resolutions on MacOS. from Demo
2022-11-27 14:10:22,515 INFO [vert.x-eventloop-thread-1] a.u.d.e.e.s.ServerlessFunction [ServerlessFunction.java:61] Serverless function https://of2vu3uupakazn7bw5wi3mvw5e0feqlh.lambda-url.us-west-2.on.aws/ triggerred. from Demo
2022-11-27 14:10:24,056 INFO [vert.x-eventloop-thread-1] a.u.d.e.e.s.ServerlessFunction [ServerlessFunction.java:63] Serverless function https://of2vu3uupakazn7bw5wi3mvw5e0feqlh.lambda-url.us-west-2.on.aws/ finished from Demo
2022-11-27 14:10:25,722 INFO [vert.x-eventloop-thread-4] a.u.d.e.e.s.ServerlessFunction [ServerlessFunction.java:61] Serverless function https://menvzeryb4e4rfr3htlo7fjf2e0btfqt.lambda-url.us-west-2.on.aws/ triggerred. from Demo
2022-11-27 14:10:25,723 INFO [vert.x-eventloop-thread-3] a.u.d.e.e.s.ServerlessFunction [ServerlessFunction.java:61] Serverless function https://menvzeryb4e4rfr3htlo7fjf2e0btfqt.lambda-url.us-west-2.on.aws/ triggerred. from Demo
2022-11-27 14:10:25,735 INFO [vert.x-eventloop-thread-5] a.u.d.e.e.s.ServerlessFunction [ServerlessFunction.java:61] Serverless function https://menvzeryb4e4rfr3htlo7fjf2e0btfqt.lambda-url.us-west-2.on.aws/ triggerred. from Demo
2022-11-27 14:10:25,737 INFO [vert.x-eventloop-thread-1] a.u.d.e.e.s.ServerlessFunction [ServerlessFunction.java:61] Serverless function https://menvzeryb4e4rfr3htlo7fjf2e0btfqt.lambda-url.us-west-2.on.aws/ triggerred. from Demo
2022-11-27 14:10:25,750 INFO [vert.x-eventloop-thread-6] a.u.d.e.e.s.ServerlessFunction [ServerlessFunction.java:61] Serverless function https://menvzeryb4e4rfr3htlo7fjf2e0btfqt.lambda-url.us-west-2.on.aws/ triggerred. from Demo
2022-11-27 14:10:25,751 INFO [vert.x-eventloop-thread-7] a.u.d.e.e.s.ServerlessFunction [ServerlessFunction.java:61] Serverless function https://menvzeryb4e4rfr3htlo7fjf2e0btfqt.lambda-url.us-west-2.on.aws/ triggerred. from Demo
2022-11-27 14:10:25,754 INFO [vert.x-eventloop-thread-2] a.u.d.e.e.s.ServerlessFunction [ServerlessFunction.java:61] Serverless function https://menvzeryb4e4rfr3htlo7fjf2e0btfqt.lambda-url.us-west-2.on.aws/ triggerred. from Demo
2022-11-27 14:10:25,758 INFO [vert.x-eventloop-thread-0] a.u.d.e.e.s.ServerlessFunction [ServerlessFunction.java:61] Serverless function https://menvzeryb4e4rfr3htlo7fjf2e0btfqt.lambda-url.us-west-2.on.aws/ triggerred. from Demo
2022-11-27 14:10:25,759 INFO [vert.x-eventloop-thread-3] a.u.d.e.e.s.ServerlessFunction [ServerlessFunction.java:61] Serverless function https://menvzeryb4e4rfr3htlo7fjf2e0btfqt.lambda-url.us-west-2.on.aws/ triggerred. from Demo
2022-11-27 14:10:25,759 INFO [vert.x-eventloop-thread-4] a.u.d.e.e.s.ServerlessFunction [ServerlessFunction.java:61] Serverless function https://menvzeryb4e4rfr3htlo7fjf2e0btfqt.lambda-url.us-west-2.on.aws/ triggerred. from Demo
2022-11-27 14:10:27,400 INFO [vert.x-eventloop-thread-4] a.u.d.e.e.s.ServerlessFunction [ServerlessFunction.java:63] Serverless function https://menvzeryb4e4rfr3htlo7fjf2e0btfqt.lambda-url.us-west-2.on.aws/ finished from Demo
2022-11-27 14:10:27,403 INFO [vert.x-eventloop-thread-7] a.u.d.e.e.s.ServerlessFunction [ServerlessFunction.java:63] Serverless function https://menvzeryb4e4rfr3htlo7fjf2e0btfqt.lambda-url.us-west-2.on.aws/ finished from Demo
2022-11-27 14:10:27,481 INFO [vert.x-eventloop-thread-4] a.u.d.e.e.s.ServerlessFunction [ServerlessFunction.java:63] Serverless function https://menvzeryb4e4rfr3htlo7fjf2e0btfqt.lambda-url.us-west-2.on.aws/ finished from Demo
2022-11-27 14:10:27,531 INFO [vert.x-eventloop-thread-6] a.u.d.e.e.s.ServerlessFunction [ServerlessFunction.java:63] Serverless function https://menvzeryb4e4rfr3htlo7fjf2e0btfqt.lambda-url.us-west-2.on.aws/ finished from Demo
2022-11-27 14:10:27,795 INFO [vert.x-eventloop-thread-0] a.u.d.e.e.s.ServerlessFunction [ServerlessFunction.java:63] Serverless function https://menvzeryb4e4rfr3htlo7fjf2e0btfqt.lambda-url.us-west-2.on.aws/ finished from Demo
2022-11-27 14:10:27,866 INFO [vert.x-eventloop-thread-5] a.u.d.e.e.s.ServerlessFunction [ServerlessFunction.java:63] Serverless function https://menvzeryb4e4rfr3htlo7fjf2e0btfqt.lambda-url.us-west-2.on.aws/ finished from Demo
2022-11-27 14:10:27,868 INFO [vert.x-eventloop-thread-2] a.u.d.e.e.s.ServerlessFunction [ServerlessFunction.java:63] Serverless function https://menvzeryb4e4rfr3htlo7fjf2e0btfqt.lambda-url.us-west-2.on.aws/ finished from Demo
2022-11-27 14:10:28,097 INFO [vert.x-eventloop-thread-1] a.u.d.e.e.s.ServerlessFunction [ServerlessFunction.java:63] Serverless function https://menvzeryb4e4rfr3htlo7fjf2e0btfqt.lambda-url.us-west-2.on.aws/ finished from Demo
2022-11-27 14:10:28,126 INFO [vert.x-eventloop-thread-3] a.u.d.e.e.s.ServerlessFunction [ServerlessFunction.java:63] Serverless function https://menvzeryb4e4rfr3htlo7fjf2e0btfqt.lambda-url.us-west-2.on.aws/ finished from Demo
2022-11-27 14:10:28,133 INFO [vert.x-eventloop-thread-3] a.u.d.e.e.s.ServerlessFunction [ServerlessFunction.java:63] Serverless function https://menvzeryb4e4rfr3htlo7fjf2e0btfqt.lambda-url.us-west-2.on.aws/ finished from Demo
2022-11-27 14:10:29,994 INFO [vert.x-eventloop-thread-7] a.u.d.e.e.s.ServerlessFunction [ServerlessFunction.java:61] Serverless function https://borlu6xgnnfq3rz3uumey4qdsy0tcfbb.lambda-url.us-west-2.on.aws/ triggerred. from Demo
2022-11-27 14:10:30,006 INFO [vert.x-eventloop-thread-1] a.u.d.e.e.s.ServerlessFunction [ServerlessFunction.java:61] Serverless function https://borlu6xgnnfq3rz3uumey4qdsy0tcfbb.lambda-url.us-west-2.on.aws/ triggerred. from Demo
2022-11-27 14:10:30,022 INFO [vert.x-eventloop-thread-0] a.u.d.e.e.s.ServerlessFunction [ServerlessFunction.java:61] Serverless function https://borlu6xgnnfq3rz3uumey4qdsy0tcfbb.lambda-url.us-west-2.on.aws/ triggerred. from Demo
2022-11-27 14:10:30,028 INFO [vert.x-eventloop-thread-2] a.u.d.e.e.s.ServerlessFunction [ServerlessFunction.java:61] Serverless function https://borlu6xgnnfq3rz3uumey4qdsy0tcfbb.lambda-url.us-west-2.on.aws/ triggerred. from Demo
2022-11-27 14:10:30,058 INFO [vert.x-eventloop-thread-5] a.u.d.e.e.s.ServerlessFunction [ServerlessFunction.java:61] Serverless function https://borlu6xgnnfq3rz3uumey4qdsy0tcfbb.lambda-url.us-west-2.on.aws/ triggerred. from Demo
2022-11-27 14:10:30,066 INFO [vert.x-eventloop-thread-4] a.u.d.e.e.s.ServerlessFunction [ServerlessFunction.java:61] Serverless function https://borlu6xgnnfq3rz3uumey4qdsy0tcfbb.lambda-url.us-west-2.on.aws/ triggerred. from Demo
2022-11-27 14:10:30,067 INFO [vert.x-eventloop-thread-3] a.u.d.e.e.s.ServerlessFunction [ServerlessFunction.java:61] Serverless function https://borlu6xgnnfq3rz3uumey4qdsy0tcfbb.lambda-url.us-west-2.on.aws/ triggerred. from Demo
2022-11-27 14:10:30,068 INFO [vert.x-eventloop-thread-6] a.u.d.e.e.s.ServerlessFunction [ServerlessFunction.java:61] Serverless function https://borlu6xgnnfq3rz3uumey4qdsy0tcfbb.lambda-url.us-west-2.on.aws/ triggerred. from Demo
2022-11-27 14:10:30,082 INFO [vert.x-eventloop-thread-7] a.u.d.e.e.s.ServerlessFunction [ServerlessFunction.java:61] Serverless function https://borlu6xgnnfq3rz3uumey4qdsy0tcfbb.lambda-url.us-west-2.on.aws/ triggerred. from Demo
2022-11-27 14:10:30,084 INFO [vert.x-eventloop-thread-0] a.u.d.e.e.s.ServerlessFunction [ServerlessFunction.java:61] Serverless function https://borlu6xgnnfq3rz3uumey4qdsy0tcfbb.lambda-url.us-west-2.on.aws/ triggerred. from Demo
2022-11-27 14:10:32,093 INFO [vert.x-eventloop-thread-0] a.u.d.e.e.s.ServerlessFunction [ServerlessFunction.java:63] Serverless function https://borlu6xgnnfq3rz3uumey4qdsy0tcfbb.lambda-url.us-west-2.on.aws/ finished from Demo
2022-11-27 14:10:34,176 INFO [vert.x-eventloop-thread-7] a.u.d.e.e.s.ServerlessFunction [ServerlessFunction.java:63] Serverless function https://borlu6xgnnfq3rz3uumey4qdsy0tcfbb.lambda-url.us-west-2.on.aws/ finished from Demo
2022-11-27 14:10:34,587 INFO [vert.x-eventloop-thread-7] a.u.d.e.e.s.ServerlessFunction [ServerlessFunction.java:63] Serverless function https://borlu6xgnnfq3rz3uumey4qdsy0tcfbb.lambda-url.us-west-2.on.aws/ finished from Demo
2022-11-27 14:10:34,996 INFO [vert.x-eventloop-thread-0] a.u.d.e.e.s.ServerlessFunction [ServerlessFunction.java:63] Serverless function https://borlu6xgnnfq3rz3uumey4qdsy0tcfbb.lambda-url.us-west-2.on.aws/ finished from Demo
2022-11-27 14:10:34,996 INFO [vert.x-eventloop-thread-1] a.u.d.e.e.s.ServerlessFunction [ServerlessFunction.java:63] Serverless function https://borlu6xgnnfq3rz3uumey4qdsy0tcfbb.lambda-url.us-west-2.on.aws/ finished from Demo
2022-11-27 14:10:35,072 INFO [vert.x-eventloop-thread-2] a.u.d.e.e.s.ServerlessFunction [ServerlessFunction.java:63] Serverless function https://borlu6xgnnfq3rz3uumey4qdsy0tcfbb.lambda-url.us-west-2.on.aws/ finished from Demo
2022-11-27 14:10:35,261 INFO [vert.x-eventloop-thread-3] a.u.d.e.e.s.ServerlessFunction [ServerlessFunction.java:63] Serverless function https://borlu6xgnnfq3rz3uumey4qdsy0tcfbb.lambda-url.us-west-2.on.aws/ finished from Demo
2022-11-27 14:10:35,456 INFO [vert.x-eventloop-thread-5] a.u.d.e.e.s.ServerlessFunction [ServerlessFunction.java:63] Serverless function https://borlu6xgnnfq3rz3uumey4qdsy0tcfbb.lambda-url.us-west-2.on.aws/ finished from Demo
2022-11-27 14:10:35,611 INFO [vert.x-eventloop-thread-6] a.u.d.e.e.s.ServerlessFunction [ServerlessFunction.java:63] Serverless function https://borlu6xgnnfq3rz3uumey4qdsy0tcfbb.lambda-url.us-west-2.on.aws/ finished from Demo
2022-11-27 14:10:35,671 INFO [vert.x-eventloop-thread-4] a.u.d.e.e.s.ServerlessFunction [ServerlessFunction.java:63] Serverless function https://borlu6xgnnfq3rz3uumey4qdsy0tcfbb.lambda-url.us-west-2.on.aws/ finished from Demo
2022-11-27 14:10:36,349 INFO [vert.x-eventloop-thread-2] a.u.d.e.e.s.ServerlessFunction [ServerlessFunction.java:61] Serverless function https://qqeggxwuykyu55qnq5j6kuy6h40jgsyo.lambda-url.us-west-2.on.aws/ triggerred. from Demo
2022-11-27 14:10:37,478 INFO [vert.x-eventloop-thread-2] a.u.d.e.e.s.ServerlessFunction [ServerlessFunction.java:63] Serverless function https://qqeggxwuykyu55qnq5j6kuy6h40jgsyo.lambda-url.us-west-2.on.aws/ finished from Demo
2022-11-27 14:10:38,229 INFO [vert.x-eventloop-thread-5] a.u.d.e.e.s.ServerlessFunction [ServerlessFunction.java:61] Serverless function https://uepmvywj7vu7am3ifzfjcv6yw40cgqdu.lambda-url.us-west-2.on.aws/ triggerred. from Demo
2022-11-27 14:10:38,238 INFO [vert.x-eventloop-thread-6] a.u.d.e.e.s.ServerlessFunction [ServerlessFunction.java:61] Serverless function https://uepmvywj7vu7am3ifzfjcv6yw40cgqdu.lambda-url.us-west-2.on.aws/ triggerred. from Demo
2022-11-27 14:10:38,238 INFO [vert.x-eventloop-thread-4] a.u.d.e.e.s.ServerlessFunction [ServerlessFunction.java:61] Serverless function https://uepmvywj7vu7am3ifzfjcv6yw40cgqdu.lambda-url.us-west-2.on.aws/ triggerred. from Demo
2022-11-27 14:10:38,243 INFO [vert.x-eventloop-thread-7] a.u.d.e.e.s.ServerlessFunction [ServerlessFunction.java:61] Serverless function https://uepmvywj7vu7am3ifzfjcv6yw40cgqdu.lambda-url.us-west-2.on.aws/ triggerred. from Demo
2022-11-27 14:10:38,246 INFO [vert.x-eventloop-thread-0] a.u.d.e.e.s.ServerlessFunction [ServerlessFunction.java:61] Serverless function https://uepmvywj7vu7am3ifzfjcv6yw40cgqdu.lambda-url.us-west-2.on.aws/ triggerred. from Demo
2022-11-27 14:10:39,707 INFO [vert.x-eventloop-thread-0] a.u.d.e.e.s.ServerlessFunction [ServerlessFunction.java:63] Serverless function https://uepmvywj7vu7am3ifzfjcv6yw40cgqdu.lambda-url.us-west-2.on.aws/ finished from Demo
2022-11-27 14:10:42,578 INFO [vert.x-eventloop-thread-7] a.u.d.e.e.s.ServerlessFunction [ServerlessFunction.java:63] Serverless function https://uepmvywj7vu7am3ifzfjcv6yw40cgqdu.lambda-url.us-west-2.on.aws/ finished from Demo
2022-11-27 14:10:42,655 INFO [vert.x-eventloop-thread-5] a.u.d.e.e.s.ServerlessFunction [ServerlessFunction.java:63] Serverless function https://uepmvywj7vu7am3ifzfjcv6yw40cgqdu.lambda-url.us-west-2.on.aws/ finished from Demo
2022-11-27 14:10:42,675 INFO [vert.x-eventloop-thread-6] a.u.d.e.e.s.ServerlessFunction [ServerlessFunction.java:63] Serverless function https://uepmvywj7vu7am3ifzfjcv6yw40cgqdu.lambda-url.us-west-2.on.aws/ finished from Demo
2022-11-27 14:10:44,421 INFO [vert.x-eventloop-thread-4] a.u.d.e.e.s.ServerlessFunction [ServerlessFunction.java:63] Serverless function https://uepmvywj7vu7am3ifzfjcv6yw40cgqdu.lambda-url.us-west-2.on.aws/ finished from Demo
2022-11-27 14:10:45,169 INFO [vert.x-eventloop-thread-0] a.u.d.e.i.o.OutputDataPrinter [OutputDataPrinter.java:30] Workflow executed correctly. from Demo
2022-11-27 14:10:45,170 INFO [vert.x-eventloop-thread-0] a.u.d.e.i.o.OutputDataPrinter [OutputDataPrinter.java:31] Enactment result: {"collages":["collages/dd8f48c9-4f2e-41aa-94fa-567fd79eab64_HAPPY.jpg","collages/f2b85b0c-1c68-475d-a774-f18b7cc89f48_ANGRY.jpg","collages/d82a01ed-28c2-4944-871c-e212087111cc_SURPRISED.jpg","collages/18b64e89-0672-447f-9cf0-3e581dc9fc9d_CALM.jpg","Too few images to make a collage"]} from Demo
