2022-11-27 14:12:08,878 INFO [pool-1-thread-1] a.u.d.e.c.v.VerticleManager [VerticleManager.java:62] Deployed 40 verticles. from Demo
2022-11-27 14:12:09,036 INFO [pool-1-thread-1] a.u.d.e.c.c.Control [Control.java:63] Pausing enactment. from Demo
2022-11-27 14:12:10,918 INFO [AWT-EventQueue-0] a.u.d.e.c.c.Control [Control.java:53] Resuming enactment. from Demo
2022-11-27 14:12:12,108 WARN [vert.x-eventloop-thread-1] i.n.r.d.DnsServerAddressStreamProviders [DnsServerAddressStreamProviders.java:70] Can not find io.netty.resolver.dns.macos.MacOSDnsServerAddressStreamProvider in the classpath, fallback to system defaults. This may result in incorrect DNS resolutions on MacOS. from Demo
2022-11-27 14:12:12,156 INFO [vert.x-eventloop-thread-1] a.u.d.e.e.s.ServerlessFunction [ServerlessFunction.java:61] Serverless function https://of2vu3uupakazn7bw5wi3mvw5e0feqlh.lambda-url.us-west-2.on.aws/ triggerred. from Demo
2022-11-27 14:12:14,130 INFO [vert.x-eventloop-thread-1] a.u.d.e.e.s.ServerlessFunction [ServerlessFunction.java:63] Serverless function https://of2vu3uupakazn7bw5wi3mvw5e0feqlh.lambda-url.us-west-2.on.aws/ finished from Demo
2022-11-27 14:12:15,209 INFO [vert.x-eventloop-thread-4] a.u.d.e.e.s.ServerlessFunction [ServerlessFunction.java:61] Serverless function https://menvzeryb4e4rfr3htlo7fjf2e0btfqt.lambda-url.us-west-2.on.aws/ triggerred. from Demo
2022-11-27 14:12:15,210 INFO [vert.x-eventloop-thread-3] a.u.d.e.e.s.ServerlessFunction [ServerlessFunction.java:61] Serverless function https://menvzeryb4e4rfr3htlo7fjf2e0btfqt.lambda-url.us-west-2.on.aws/ triggerred. from Demo
2022-11-27 14:12:15,226 INFO [vert.x-eventloop-thread-5] a.u.d.e.e.s.ServerlessFunction [ServerlessFunction.java:61] Serverless function https://menvzeryb4e4rfr3htlo7fjf2e0btfqt.lambda-url.us-west-2.on.aws/ triggerred. from Demo
2022-11-27 14:12:15,231 INFO [vert.x-eventloop-thread-6] a.u.d.e.e.s.ServerlessFunction [ServerlessFunction.java:61] Serverless function https://menvzeryb4e4rfr3htlo7fjf2e0btfqt.lambda-url.us-west-2.on.aws/ triggerred. from Demo
2022-11-27 14:12:15,235 INFO [vert.x-eventloop-thread-7] a.u.d.e.e.s.ServerlessFunction [ServerlessFunction.java:61] Serverless function https://menvzeryb4e4rfr3htlo7fjf2e0btfqt.lambda-url.us-west-2.on.aws/ triggerred. from Demo
2022-11-27 14:12:15,238 INFO [vert.x-eventloop-thread-0] a.u.d.e.e.s.ServerlessFunction [ServerlessFunction.java:61] Serverless function https://menvzeryb4e4rfr3htlo7fjf2e0btfqt.lambda-url.us-west-2.on.aws/ triggerred. from Demo
2022-11-27 14:12:15,239 INFO [vert.x-eventloop-thread-2] a.u.d.e.e.s.ServerlessFunction [ServerlessFunction.java:61] Serverless function https://menvzeryb4e4rfr3htlo7fjf2e0btfqt.lambda-url.us-west-2.on.aws/ triggerred. from Demo
2022-11-27 14:12:15,240 INFO [vert.x-eventloop-thread-1] a.u.d.e.e.s.ServerlessFunction [ServerlessFunction.java:61] Serverless function https://menvzeryb4e4rfr3htlo7fjf2e0btfqt.lambda-url.us-west-2.on.aws/ triggerred. from Demo
2022-11-27 14:12:15,245 INFO [vert.x-eventloop-thread-3] a.u.d.e.e.s.ServerlessFunction [ServerlessFunction.java:61] Serverless function https://menvzeryb4e4rfr3htlo7fjf2e0btfqt.lambda-url.us-west-2.on.aws/ triggerred. from Demo
2022-11-27 14:12:15,249 INFO [vert.x-eventloop-thread-4] a.u.d.e.e.s.ServerlessFunction [ServerlessFunction.java:61] Serverless function https://menvzeryb4e4rfr3htlo7fjf2e0btfqt.lambda-url.us-west-2.on.aws/ triggerred. from Demo
2022-11-27 14:12:16,992 INFO [vert.x-eventloop-thread-3] a.u.d.e.e.s.ServerlessFunction [ServerlessFunction.java:63] Serverless function https://menvzeryb4e4rfr3htlo7fjf2e0btfqt.lambda-url.us-west-2.on.aws/ finished from Demo
2022-11-27 14:12:16,993 INFO [vert.x-eventloop-thread-4] a.u.d.e.e.s.ServerlessFunction [ServerlessFunction.java:63] Serverless function https://menvzeryb4e4rfr3htlo7fjf2e0btfqt.lambda-url.us-west-2.on.aws/ finished from Demo
2022-11-27 14:12:16,994 INFO [vert.x-eventloop-thread-2] a.u.d.e.e.s.ServerlessFunction [ServerlessFunction.java:63] Serverless function https://menvzeryb4e4rfr3htlo7fjf2e0btfqt.lambda-url.us-west-2.on.aws/ finished from Demo
2022-11-27 14:12:17,399 INFO [vert.x-eventloop-thread-5] a.u.d.e.e.s.ServerlessFunction [ServerlessFunction.java:63] Serverless function https://menvzeryb4e4rfr3htlo7fjf2e0btfqt.lambda-url.us-west-2.on.aws/ finished from Demo
2022-11-27 14:12:17,576 INFO [vert.x-eventloop-thread-6] a.u.d.e.e.s.ServerlessFunction [ServerlessFunction.java:63] Serverless function https://menvzeryb4e4rfr3htlo7fjf2e0btfqt.lambda-url.us-west-2.on.aws/ finished from Demo
2022-11-27 14:12:17,579 INFO [vert.x-eventloop-thread-0] a.u.d.e.e.s.ServerlessFunction [ServerlessFunction.java:63] Serverless function https://menvzeryb4e4rfr3htlo7fjf2e0btfqt.lambda-url.us-west-2.on.aws/ finished from Demo
2022-11-27 14:12:17,578 INFO [vert.x-eventloop-thread-1] a.u.d.e.e.s.ServerlessFunction [ServerlessFunction.java:63] Serverless function https://menvzeryb4e4rfr3htlo7fjf2e0btfqt.lambda-url.us-west-2.on.aws/ finished from Demo
2022-11-27 14:12:17,588 INFO [vert.x-eventloop-thread-4] a.u.d.e.e.s.ServerlessFunction [ServerlessFunction.java:63] Serverless function https://menvzeryb4e4rfr3htlo7fjf2e0btfqt.lambda-url.us-west-2.on.aws/ finished from Demo
2022-11-27 14:12:17,660 INFO [vert.x-eventloop-thread-3] a.u.d.e.e.s.ServerlessFunction [ServerlessFunction.java:63] Serverless function https://menvzeryb4e4rfr3htlo7fjf2e0btfqt.lambda-url.us-west-2.on.aws/ finished from Demo
2022-11-27 14:12:18,015 INFO [vert.x-eventloop-thread-7] a.u.d.e.e.s.ServerlessFunction [ServerlessFunction.java:63] Serverless function https://menvzeryb4e4rfr3htlo7fjf2e0btfqt.lambda-url.us-west-2.on.aws/ finished from Demo
2022-11-27 14:12:19,728 INFO [vert.x-eventloop-thread-1] a.u.d.e.e.s.ServerlessFunction [ServerlessFunction.java:61] Serverless function https://borlu6xgnnfq3rz3uumey4qdsy0tcfbb.lambda-url.us-west-2.on.aws/ triggerred. from Demo
2022-11-27 14:12:19,757 INFO [vert.x-eventloop-thread-0] a.u.d.e.e.s.ServerlessFunction [ServerlessFunction.java:61] Serverless function https://borlu6xgnnfq3rz3uumey4qdsy0tcfbb.lambda-url.us-west-2.on.aws/ triggerred. from Demo
2022-11-27 14:12:19,767 INFO [vert.x-eventloop-thread-2] a.u.d.e.e.s.ServerlessFunction [ServerlessFunction.java:61] Serverless function https://borlu6xgnnfq3rz3uumey4qdsy0tcfbb.lambda-url.us-west-2.on.aws/ triggerred. from Demo
2022-11-27 14:12:19,777 INFO [vert.x-eventloop-thread-7] a.u.d.e.e.s.ServerlessFunction [ServerlessFunction.java:61] Serverless function https://borlu6xgnnfq3rz3uumey4qdsy0tcfbb.lambda-url.us-west-2.on.aws/ triggerred. from Demo
2022-11-27 14:12:19,780 INFO [vert.x-eventloop-thread-4] a.u.d.e.e.s.ServerlessFunction [ServerlessFunction.java:61] Serverless function https://borlu6xgnnfq3rz3uumey4qdsy0tcfbb.lambda-url.us-west-2.on.aws/ triggerred. from Demo
2022-11-27 14:12:19,807 INFO [vert.x-eventloop-thread-6] a.u.d.e.e.s.ServerlessFunction [ServerlessFunction.java:61] Serverless function https://borlu6xgnnfq3rz3uumey4qdsy0tcfbb.lambda-url.us-west-2.on.aws/ triggerred. from Demo
2022-11-27 14:12:19,821 INFO [vert.x-eventloop-thread-3] a.u.d.e.e.s.ServerlessFunction [ServerlessFunction.java:61] Serverless function https://borlu6xgnnfq3rz3uumey4qdsy0tcfbb.lambda-url.us-west-2.on.aws/ triggerred. from Demo
2022-11-27 14:12:19,829 INFO [vert.x-eventloop-thread-5] a.u.d.e.e.s.ServerlessFunction [ServerlessFunction.java:61] Serverless function https://borlu6xgnnfq3rz3uumey4qdsy0tcfbb.lambda-url.us-west-2.on.aws/ triggerred. from Demo
2022-11-27 14:12:19,832 INFO [vert.x-eventloop-thread-7] a.u.d.e.e.s.ServerlessFunction [ServerlessFunction.java:61] Serverless function https://borlu6xgnnfq3rz3uumey4qdsy0tcfbb.lambda-url.us-west-2.on.aws/ triggerred. from Demo
2022-11-27 14:12:19,835 INFO [vert.x-eventloop-thread-0] a.u.d.e.e.s.ServerlessFunction [ServerlessFunction.java:61] Serverless function https://borlu6xgnnfq3rz3uumey4qdsy0tcfbb.lambda-url.us-west-2.on.aws/ triggerred. from Demo
2022-11-27 14:12:21,291 INFO [vert.x-eventloop-thread-7] a.u.d.e.e.s.ServerlessFunction [ServerlessFunction.java:63] Serverless function https://borlu6xgnnfq3rz3uumey4qdsy0tcfbb.lambda-url.us-west-2.on.aws/ finished from Demo
2022-11-27 14:12:21,355 INFO [vert.x-eventloop-thread-0] a.u.d.e.e.s.ServerlessFunction [ServerlessFunction.java:63] Serverless function https://borlu6xgnnfq3rz3uumey4qdsy0tcfbb.lambda-url.us-west-2.on.aws/ finished from Demo
2022-11-27 14:12:21,701 INFO [vert.x-eventloop-thread-4] a.u.d.e.e.s.ServerlessFunction [ServerlessFunction.java:63] Serverless function https://borlu6xgnnfq3rz3uumey4qdsy0tcfbb.lambda-url.us-west-2.on.aws/ finished from Demo
2022-11-27 14:12:21,907 INFO [vert.x-eventloop-thread-1] a.u.d.e.e.s.ServerlessFunction [ServerlessFunction.java:63] Serverless function https://borlu6xgnnfq3rz3uumey4qdsy0tcfbb.lambda-url.us-west-2.on.aws/ finished from Demo
2022-11-27 14:12:22,316 INFO [vert.x-eventloop-thread-2] a.u.d.e.e.s.ServerlessFunction [ServerlessFunction.java:63] Serverless function https://borlu6xgnnfq3rz3uumey4qdsy0tcfbb.lambda-url.us-west-2.on.aws/ finished from Demo
2022-11-27 14:12:22,517 INFO [vert.x-eventloop-thread-3] a.u.d.e.e.s.ServerlessFunction [ServerlessFunction.java:63] Serverless function https://borlu6xgnnfq3rz3uumey4qdsy0tcfbb.lambda-url.us-west-2.on.aws/ finished from Demo
2022-11-27 14:12:22,526 INFO [vert.x-eventloop-thread-0] a.u.d.e.e.s.ServerlessFunction [ServerlessFunction.java:63] Serverless function https://borlu6xgnnfq3rz3uumey4qdsy0tcfbb.lambda-url.us-west-2.on.aws/ finished from Demo
2022-11-27 14:12:22,725 INFO [vert.x-eventloop-thread-6] a.u.d.e.e.s.ServerlessFunction [ServerlessFunction.java:63] Serverless function https://borlu6xgnnfq3rz3uumey4qdsy0tcfbb.lambda-url.us-west-2.on.aws/ finished from Demo
2022-11-27 14:12:23,132 INFO [vert.x-eventloop-thread-7] a.u.d.e.e.s.ServerlessFunction [ServerlessFunction.java:63] Serverless function https://borlu6xgnnfq3rz3uumey4qdsy0tcfbb.lambda-url.us-west-2.on.aws/ finished from Demo
2022-11-27 14:12:23,139 INFO [vert.x-eventloop-thread-5] a.u.d.e.e.s.ServerlessFunction [ServerlessFunction.java:63] Serverless function https://borlu6xgnnfq3rz3uumey4qdsy0tcfbb.lambda-url.us-west-2.on.aws/ finished from Demo
2022-11-27 14:12:23,687 INFO [vert.x-eventloop-thread-2] a.u.d.e.e.s.ServerlessFunction [ServerlessFunction.java:61] Serverless function https://qqeggxwuykyu55qnq5j6kuy6h40jgsyo.lambda-url.us-west-2.on.aws/ triggerred. from Demo
2022-11-27 14:12:24,820 INFO [vert.x-eventloop-thread-2] a.u.d.e.e.s.ServerlessFunction [ServerlessFunction.java:63] Serverless function https://qqeggxwuykyu55qnq5j6kuy6h40jgsyo.lambda-url.us-west-2.on.aws/ finished from Demo
2022-11-27 14:12:25,338 INFO [vert.x-eventloop-thread-4] a.u.d.e.e.s.ServerlessFunction [ServerlessFunction.java:61] Serverless function https://uepmvywj7vu7am3ifzfjcv6yw40cgqdu.lambda-url.us-west-2.on.aws/ triggerred. from Demo
2022-11-27 14:12:25,339 INFO [vert.x-eventloop-thread-5] a.u.d.e.e.s.ServerlessFunction [ServerlessFunction.java:61] Serverless function https://uepmvywj7vu7am3ifzfjcv6yw40cgqdu.lambda-url.us-west-2.on.aws/ triggerred. from Demo
2022-11-27 14:12:25,356 INFO [vert.x-eventloop-thread-6] a.u.d.e.e.s.ServerlessFunction [ServerlessFunction.java:61] Serverless function https://uepmvywj7vu7am3ifzfjcv6yw40cgqdu.lambda-url.us-west-2.on.aws/ triggerred. from Demo
2022-11-27 14:12:25,356 INFO [vert.x-eventloop-thread-7] a.u.d.e.e.s.ServerlessFunction [ServerlessFunction.java:61] Serverless function https://uepmvywj7vu7am3ifzfjcv6yw40cgqdu.lambda-url.us-west-2.on.aws/ triggerred. from Demo
2022-11-27 14:12:25,357 INFO [vert.x-eventloop-thread-0] a.u.d.e.e.s.ServerlessFunction [ServerlessFunction.java:61] Serverless function https://uepmvywj7vu7am3ifzfjcv6yw40cgqdu.lambda-url.us-west-2.on.aws/ triggerred. from Demo
2022-11-27 14:12:26,209 INFO [vert.x-eventloop-thread-7] a.u.d.e.e.s.ServerlessFunction [ServerlessFunction.java:63] Serverless function https://uepmvywj7vu7am3ifzfjcv6yw40cgqdu.lambda-url.us-west-2.on.aws/ finished from Demo
2022-11-27 14:12:27,434 INFO [vert.x-eventloop-thread-0] a.u.d.e.e.s.ServerlessFunction [ServerlessFunction.java:63] Serverless function https://uepmvywj7vu7am3ifzfjcv6yw40cgqdu.lambda-url.us-west-2.on.aws/ finished from Demo
2022-11-27 14:12:27,434 INFO [vert.x-eventloop-thread-5] a.u.d.e.e.s.ServerlessFunction [ServerlessFunction.java:63] Serverless function https://uepmvywj7vu7am3ifzfjcv6yw40cgqdu.lambda-url.us-west-2.on.aws/ finished from Demo
2022-11-27 14:12:27,501 INFO [vert.x-eventloop-thread-6] a.u.d.e.e.s.ServerlessFunction [ServerlessFunction.java:63] Serverless function https://uepmvywj7vu7am3ifzfjcv6yw40cgqdu.lambda-url.us-west-2.on.aws/ finished from Demo
2022-11-27 14:12:28,867 INFO [vert.x-eventloop-thread-4] a.u.d.e.e.s.ServerlessFunction [ServerlessFunction.java:63] Serverless function https://uepmvywj7vu7am3ifzfjcv6yw40cgqdu.lambda-url.us-west-2.on.aws/ finished from Demo
2022-11-27 14:12:29,380 INFO [vert.x-eventloop-thread-0] a.u.d.e.i.o.OutputDataPrinter [OutputDataPrinter.java:30] Workflow executed correctly. from Demo
2022-11-27 14:12:29,382 INFO [vert.x-eventloop-thread-0] a.u.d.e.i.o.OutputDataPrinter [OutputDataPrinter.java:31] Enactment result: {"collages":["collages/c7c3ed53-47ad-4a7a-a3df-b0632e6d8656_HAPPY.jpg","collages/c1c884b7-b662-4971-bf70-2cfd9fddbb7d_ANGRY.jpg","collages/fa16196c-4b13-45d9-9698-3ebc0e78114b_SURPRISED.jpg","collages/d3c72cbe-054c-4d09-9c2b-8843db59894c_CALM.jpg","Too few images to make a collage"]} from Demo
