2022-11-27 13:00:51,355 INFO [pool-1-thread-1] a.u.d.e.c.v.VerticleManager [VerticleManager.java:62] Deployed 40 verticles. from Demo
2022-11-27 13:00:51,505 INFO [pool-1-thread-1] a.u.d.e.c.c.Control [Control.java:63] Pausing enactment. from Demo
2022-11-27 13:00:54,501 INFO [AWT-EventQueue-0] a.u.d.e.c.c.Control [Control.java:53] Resuming enactment. from Demo
2022-11-27 13:00:54,978 WARN [vert.x-eventloop-thread-1] i.n.r.d.DnsServerAddressStreamProviders [DnsServerAddressStreamProviders.java:70] Can not find io.netty.resolver.dns.macos.MacOSDnsServerAddressStreamProvider in the classpath, fallback to system defaults. This may result in incorrect DNS resolutions on MacOS. from Demo
2022-11-27 13:00:55,028 INFO [vert.x-eventloop-thread-1] a.u.d.e.e.s.ServerlessFunction [ServerlessFunction.java:61] Serverless function https://qom6oqnla3balqeaqmag6vfd3a0hbewb.lambda-url.us-east-1.on.aws/ triggerred. from Demo
2022-11-27 13:00:56,090 INFO [vert.x-eventloop-thread-1] a.u.d.e.e.s.ServerlessFunction [ServerlessFunction.java:63] Serverless function https://qom6oqnla3balqeaqmag6vfd3a0hbewb.lambda-url.us-east-1.on.aws/ finished from Demo
2022-11-27 13:00:57,109 INFO [vert.x-eventloop-thread-6] a.u.d.e.e.s.ServerlessFunction [ServerlessFunction.java:61] Serverless function https://6wof2cxyjb5e3tuakkllclr7wq0nlmkc.lambda-url.us-east-1.on.aws/ triggerred. from Demo
2022-11-27 13:00:57,109 INFO [vert.x-eventloop-thread-5] a.u.d.e.e.s.ServerlessFunction [ServerlessFunction.java:61] Serverless function https://6wof2cxyjb5e3tuakkllclr7wq0nlmkc.lambda-url.us-east-1.on.aws/ triggerred. from Demo
2022-11-27 13:00:57,120 INFO [vert.x-eventloop-thread-4] a.u.d.e.e.s.ServerlessFunction [ServerlessFunction.java:61] Serverless function https://6wof2cxyjb5e3tuakkllclr7wq0nlmkc.lambda-url.us-east-1.on.aws/ triggerred. from Demo
2022-11-27 13:00:57,128 INFO [vert.x-eventloop-thread-3] a.u.d.e.e.s.ServerlessFunction [ServerlessFunction.java:61] Serverless function https://6wof2cxyjb5e3tuakkllclr7wq0nlmkc.lambda-url.us-east-1.on.aws/ triggerred. from Demo
2022-11-27 13:00:57,144 INFO [vert.x-eventloop-thread-7] a.u.d.e.e.s.ServerlessFunction [ServerlessFunction.java:61] Serverless function https://6wof2cxyjb5e3tuakkllclr7wq0nlmkc.lambda-url.us-east-1.on.aws/ triggerred. from Demo
2022-11-27 13:00:57,145 INFO [vert.x-eventloop-thread-1] a.u.d.e.e.s.ServerlessFunction [ServerlessFunction.java:61] Serverless function https://6wof2cxyjb5e3tuakkllclr7wq0nlmkc.lambda-url.us-east-1.on.aws/ triggerred. from Demo
2022-11-27 13:00:57,153 INFO [vert.x-eventloop-thread-0] a.u.d.e.e.s.ServerlessFunction [ServerlessFunction.java:61] Serverless function https://6wof2cxyjb5e3tuakkllclr7wq0nlmkc.lambda-url.us-east-1.on.aws/ triggerred. from Demo
2022-11-27 13:00:57,154 INFO [vert.x-eventloop-thread-2] a.u.d.e.e.s.ServerlessFunction [ServerlessFunction.java:61] Serverless function https://6wof2cxyjb5e3tuakkllclr7wq0nlmkc.lambda-url.us-east-1.on.aws/ triggerred. from Demo
2022-11-27 13:00:57,157 INFO [vert.x-eventloop-thread-3] a.u.d.e.e.s.ServerlessFunction [ServerlessFunction.java:61] Serverless function https://6wof2cxyjb5e3tuakkllclr7wq0nlmkc.lambda-url.us-east-1.on.aws/ triggerred. from Demo
2022-11-27 13:00:57,158 INFO [vert.x-eventloop-thread-4] a.u.d.e.e.s.ServerlessFunction [ServerlessFunction.java:61] Serverless function https://6wof2cxyjb5e3tuakkllclr7wq0nlmkc.lambda-url.us-east-1.on.aws/ triggerred. from Demo
2022-11-27 13:00:58,465 INFO [vert.x-eventloop-thread-5] a.u.d.e.e.s.ServerlessFunction [ServerlessFunction.java:63] Serverless function https://6wof2cxyjb5e3tuakkllclr7wq0nlmkc.lambda-url.us-east-1.on.aws/ finished from Demo
2022-11-27 13:00:58,496 INFO [vert.x-eventloop-thread-0] a.u.d.e.e.s.ServerlessFunction [ServerlessFunction.java:63] Serverless function https://6wof2cxyjb5e3tuakkllclr7wq0nlmkc.lambda-url.us-east-1.on.aws/ finished from Demo
2022-11-27 13:00:58,600 INFO [vert.x-eventloop-thread-1] a.u.d.e.e.s.ServerlessFunction [ServerlessFunction.java:63] Serverless function https://6wof2cxyjb5e3tuakkllclr7wq0nlmkc.lambda-url.us-east-1.on.aws/ finished from Demo
2022-11-27 13:00:58,600 INFO [vert.x-eventloop-thread-2] a.u.d.e.e.s.ServerlessFunction [ServerlessFunction.java:63] Serverless function https://6wof2cxyjb5e3tuakkllclr7wq0nlmkc.lambda-url.us-east-1.on.aws/ finished from Demo
2022-11-27 13:00:58,720 INFO [vert.x-eventloop-thread-7] a.u.d.e.e.s.ServerlessFunction [ServerlessFunction.java:63] Serverless function https://6wof2cxyjb5e3tuakkllclr7wq0nlmkc.lambda-url.us-east-1.on.aws/ finished from Demo
2022-11-27 13:00:58,804 INFO [vert.x-eventloop-thread-4] a.u.d.e.e.s.ServerlessFunction [ServerlessFunction.java:63] Serverless function https://6wof2cxyjb5e3tuakkllclr7wq0nlmkc.lambda-url.us-east-1.on.aws/ finished from Demo
2022-11-27 13:00:58,910 INFO [vert.x-eventloop-thread-3] a.u.d.e.e.s.ServerlessFunction [ServerlessFunction.java:63] Serverless function https://6wof2cxyjb5e3tuakkllclr7wq0nlmkc.lambda-url.us-east-1.on.aws/ finished from Demo
2022-11-27 13:00:58,996 INFO [vert.x-eventloop-thread-4] a.u.d.e.e.s.ServerlessFunction [ServerlessFunction.java:63] Serverless function https://6wof2cxyjb5e3tuakkllclr7wq0nlmkc.lambda-url.us-east-1.on.aws/ finished from Demo
2022-11-27 13:00:59,103 INFO [vert.x-eventloop-thread-6] a.u.d.e.e.s.ServerlessFunction [ServerlessFunction.java:63] Serverless function https://6wof2cxyjb5e3tuakkllclr7wq0nlmkc.lambda-url.us-east-1.on.aws/ finished from Demo
2022-11-27 13:00:59,250 INFO [vert.x-eventloop-thread-3] a.u.d.e.e.s.ServerlessFunction [ServerlessFunction.java:63] Serverless function https://6wof2cxyjb5e3tuakkllclr7wq0nlmkc.lambda-url.us-east-1.on.aws/ finished from Demo
2022-11-27 13:01:00,868 INFO [vert.x-eventloop-thread-1] a.u.d.e.e.s.ServerlessFunction [ServerlessFunction.java:61] Serverless function https://cjmoiosqbday2tqr4cagvobuqy0fioyh.lambda-url.us-east-1.on.aws/ triggerred. from Demo
2022-11-27 13:01:00,869 INFO [vert.x-eventloop-thread-7] a.u.d.e.e.s.ServerlessFunction [ServerlessFunction.java:61] Serverless function https://cjmoiosqbday2tqr4cagvobuqy0fioyh.lambda-url.us-east-1.on.aws/ triggerred. from Demo
2022-11-27 13:01:00,870 INFO [vert.x-eventloop-thread-0] a.u.d.e.e.s.ServerlessFunction [ServerlessFunction.java:61] Serverless function https://cjmoiosqbday2tqr4cagvobuqy0fioyh.lambda-url.us-east-1.on.aws/ triggerred. from Demo
2022-11-27 13:01:00,914 INFO [vert.x-eventloop-thread-2] a.u.d.e.e.s.ServerlessFunction [ServerlessFunction.java:61] Serverless function https://cjmoiosqbday2tqr4cagvobuqy0fioyh.lambda-url.us-east-1.on.aws/ triggerred. from Demo
2022-11-27 13:01:00,928 INFO [vert.x-eventloop-thread-6] a.u.d.e.e.s.ServerlessFunction [ServerlessFunction.java:61] Serverless function https://cjmoiosqbday2tqr4cagvobuqy0fioyh.lambda-url.us-east-1.on.aws/ triggerred. from Demo
2022-11-27 13:01:00,939 INFO [vert.x-eventloop-thread-4] a.u.d.e.e.s.ServerlessFunction [ServerlessFunction.java:61] Serverless function https://cjmoiosqbday2tqr4cagvobuqy0fioyh.lambda-url.us-east-1.on.aws/ triggerred. from Demo
2022-11-27 13:01:00,930 INFO [vert.x-eventloop-thread-3] a.u.d.e.e.s.ServerlessFunction [ServerlessFunction.java:61] Serverless function https://cjmoiosqbday2tqr4cagvobuqy0fioyh.lambda-url.us-east-1.on.aws/ triggerred. from Demo
2022-11-27 13:01:00,955 INFO [vert.x-eventloop-thread-0] a.u.d.e.e.s.ServerlessFunction [ServerlessFunction.java:61] Serverless function https://cjmoiosqbday2tqr4cagvobuqy0fioyh.lambda-url.us-east-1.on.aws/ triggerred. from Demo
2022-11-27 13:01:00,956 INFO [vert.x-eventloop-thread-7] a.u.d.e.e.s.ServerlessFunction [ServerlessFunction.java:61] Serverless function https://cjmoiosqbday2tqr4cagvobuqy0fioyh.lambda-url.us-east-1.on.aws/ triggerred. from Demo
2022-11-27 13:01:00,956 INFO [vert.x-eventloop-thread-5] a.u.d.e.e.s.ServerlessFunction [ServerlessFunction.java:61] Serverless function https://cjmoiosqbday2tqr4cagvobuqy0fioyh.lambda-url.us-east-1.on.aws/ triggerred. from Demo
2022-11-27 13:01:01,752 INFO [vert.x-eventloop-thread-7] a.u.d.e.e.s.ServerlessFunction [ServerlessFunction.java:63] Serverless function https://cjmoiosqbday2tqr4cagvobuqy0fioyh.lambda-url.us-east-1.on.aws/ finished from Demo
2022-11-27 13:01:02,161 INFO [vert.x-eventloop-thread-0] a.u.d.e.e.s.ServerlessFunction [ServerlessFunction.java:63] Serverless function https://cjmoiosqbday2tqr4cagvobuqy0fioyh.lambda-url.us-east-1.on.aws/ finished from Demo
2022-11-27 13:01:02,161 INFO [vert.x-eventloop-thread-2] a.u.d.e.e.s.ServerlessFunction [ServerlessFunction.java:63] Serverless function https://cjmoiosqbday2tqr4cagvobuqy0fioyh.lambda-url.us-east-1.on.aws/ finished from Demo
2022-11-27 13:01:02,163 INFO [vert.x-eventloop-thread-0] a.u.d.e.e.s.ServerlessFunction [ServerlessFunction.java:63] Serverless function https://cjmoiosqbday2tqr4cagvobuqy0fioyh.lambda-url.us-east-1.on.aws/ finished from Demo
2022-11-27 13:01:02,198 INFO [vert.x-eventloop-thread-1] a.u.d.e.e.s.ServerlessFunction [ServerlessFunction.java:63] Serverless function https://cjmoiosqbday2tqr4cagvobuqy0fioyh.lambda-url.us-east-1.on.aws/ finished from Demo
2022-11-27 13:01:02,304 INFO [vert.x-eventloop-thread-4] a.u.d.e.e.s.ServerlessFunction [ServerlessFunction.java:63] Serverless function https://cjmoiosqbday2tqr4cagvobuqy0fioyh.lambda-url.us-east-1.on.aws/ finished from Demo
2022-11-27 13:01:02,343 INFO [vert.x-eventloop-thread-3] a.u.d.e.e.s.ServerlessFunction [ServerlessFunction.java:63] Serverless function https://cjmoiosqbday2tqr4cagvobuqy0fioyh.lambda-url.us-east-1.on.aws/ finished from Demo
2022-11-27 13:01:02,430 INFO [vert.x-eventloop-thread-7] a.u.d.e.e.s.ServerlessFunction [ServerlessFunction.java:63] Serverless function https://cjmoiosqbday2tqr4cagvobuqy0fioyh.lambda-url.us-east-1.on.aws/ finished from Demo
2022-11-27 13:01:02,486 INFO [vert.x-eventloop-thread-5] a.u.d.e.e.s.ServerlessFunction [ServerlessFunction.java:63] Serverless function https://cjmoiosqbday2tqr4cagvobuqy0fioyh.lambda-url.us-east-1.on.aws/ finished from Demo
2022-11-27 13:01:02,776 INFO [vert.x-eventloop-thread-6] a.u.d.e.e.s.ServerlessFunction [ServerlessFunction.java:63] Serverless function https://cjmoiosqbday2tqr4cagvobuqy0fioyh.lambda-url.us-east-1.on.aws/ finished from Demo
2022-11-27 13:01:03,376 INFO [vert.x-eventloop-thread-2] a.u.d.e.e.s.ServerlessFunction [ServerlessFunction.java:61] Serverless function https://4pquyzewlu6efajdc47gzwkj6y0ohqkx.lambda-url.us-east-1.on.aws/ triggerred. from Demo
2022-11-27 13:01:04,524 INFO [vert.x-eventloop-thread-2] a.u.d.e.e.s.ServerlessFunction [ServerlessFunction.java:63] Serverless function https://4pquyzewlu6efajdc47gzwkj6y0ohqkx.lambda-url.us-east-1.on.aws/ finished from Demo
2022-11-27 13:01:05,273 INFO [vert.x-eventloop-thread-5] a.u.d.e.e.s.ServerlessFunction [ServerlessFunction.java:61] Serverless function https://cb45rshznyrot2hxa5q5h4ujy40ynuvg.lambda-url.us-east-1.on.aws/ triggerred. from Demo
2022-11-27 13:01:05,275 INFO [vert.x-eventloop-thread-6] a.u.d.e.e.s.ServerlessFunction [ServerlessFunction.java:61] Serverless function https://cb45rshznyrot2hxa5q5h4ujy40ynuvg.lambda-url.us-east-1.on.aws/ triggerred. from Demo
2022-11-27 13:01:05,275 INFO [vert.x-eventloop-thread-4] a.u.d.e.e.s.ServerlessFunction [ServerlessFunction.java:61] Serverless function https://cb45rshznyrot2hxa5q5h4ujy40ynuvg.lambda-url.us-east-1.on.aws/ triggerred. from Demo
2022-11-27 13:01:05,277 INFO [vert.x-eventloop-thread-7] a.u.d.e.e.s.ServerlessFunction [ServerlessFunction.java:61] Serverless function https://cb45rshznyrot2hxa5q5h4ujy40ynuvg.lambda-url.us-east-1.on.aws/ triggerred. from Demo
2022-11-27 13:01:05,280 INFO [vert.x-eventloop-thread-0] a.u.d.e.e.s.ServerlessFunction [ServerlessFunction.java:61] Serverless function https://cb45rshznyrot2hxa5q5h4ujy40ynuvg.lambda-url.us-east-1.on.aws/ triggerred. from Demo
2022-11-27 13:01:05,847 INFO [vert.x-eventloop-thread-0] a.u.d.e.e.s.ServerlessFunction [ServerlessFunction.java:63] Serverless function https://cb45rshznyrot2hxa5q5h4ujy40ynuvg.lambda-url.us-east-1.on.aws/ finished from Demo
2022-11-27 13:01:06,462 INFO [vert.x-eventloop-thread-6] a.u.d.e.e.s.ServerlessFunction [ServerlessFunction.java:63] Serverless function https://cb45rshznyrot2hxa5q5h4ujy40ynuvg.lambda-url.us-east-1.on.aws/ finished from Demo
2022-11-27 13:01:06,462 INFO [vert.x-eventloop-thread-7] a.u.d.e.e.s.ServerlessFunction [ServerlessFunction.java:63] Serverless function https://cb45rshznyrot2hxa5q5h4ujy40ynuvg.lambda-url.us-east-1.on.aws/ finished from Demo
2022-11-27 13:01:06,871 INFO [vert.x-eventloop-thread-5] a.u.d.e.e.s.ServerlessFunction [ServerlessFunction.java:63] Serverless function https://cb45rshznyrot2hxa5q5h4ujy40ynuvg.lambda-url.us-east-1.on.aws/ finished from Demo
2022-11-27 13:01:07,895 INFO [vert.x-eventloop-thread-4] a.u.d.e.e.s.ServerlessFunction [ServerlessFunction.java:63] Serverless function https://cb45rshznyrot2hxa5q5h4ujy40ynuvg.lambda-url.us-east-1.on.aws/ finished from Demo
2022-11-27 13:01:09,316 INFO [vert.x-eventloop-thread-0] a.u.d.e.i.o.OutputDataPrinter [OutputDataPrinter.java:30] Workflow executed correctly. from Demo
2022-11-27 13:01:09,317 INFO [vert.x-eventloop-thread-0] a.u.d.e.i.o.OutputDataPrinter [OutputDataPrinter.java:31] Enactment result: {"collages":["collages/41dfd3ba-65ef-427d-bf0a-206c86f93431_HAPPY.jpg","collages/8425f893-9380-4083-8384-edf437096f1c_ANGRY.jpg","collages/b0af32af-4e5c-4d6c-a6a8-dd8d9df28592_SURPRISED.jpg","collages/471d648e-0109-491d-9ba1-1e2b090e7eb8_CALM.jpg","Too few images to make a collage"]} from Demo
