2022-11-27 12:53:15,627 INFO [pool-1-thread-1] a.u.d.e.c.v.VerticleManager [VerticleManager.java:62] Deployed 40 verticles. from Demo
2022-11-27 12:53:15,773 INFO [pool-1-thread-1] a.u.d.e.c.c.Control [Control.java:63] Pausing enactment. from Demo
2022-11-27 12:53:18,276 INFO [AWT-EventQueue-0] a.u.d.e.c.c.Control [Control.java:53] Resuming enactment. from Demo
2022-11-27 12:53:18,858 WARN [vert.x-eventloop-thread-1] i.n.r.d.DnsServerAddressStreamProviders [DnsServerAddressStreamProviders.java:70] Can not find io.netty.resolver.dns.macos.MacOSDnsServerAddressStreamProvider in the classpath, fallback to system defaults. This may result in incorrect DNS resolutions on MacOS. from Demo
2022-11-27 12:53:18,896 INFO [vert.x-eventloop-thread-1] a.u.d.e.e.s.ServerlessFunction [ServerlessFunction.java:61] Serverless function https://qom6oqnla3balqeaqmag6vfd3a0hbewb.lambda-url.us-east-1.on.aws/ triggerred. from Demo
2022-11-27 12:53:22,397 INFO [vert.x-eventloop-thread-1] a.u.d.e.e.s.ServerlessFunction [ServerlessFunction.java:63] Serverless function https://qom6oqnla3balqeaqmag6vfd3a0hbewb.lambda-url.us-east-1.on.aws/ finished from Demo
2022-11-27 12:53:25,297 WARN [vertx-blocked-thread-checker] i.v.c.i.BlockedThreadChecker [?:?] Thread Thread[vert.x-eventloop-thread-2,5,main] has been blocked for 2890 ms, time limit is 2000 ms from Demo
2022-11-27 12:53:25,585 INFO [vert.x-eventloop-thread-4] a.u.d.e.e.s.ServerlessFunction [ServerlessFunction.java:61] Serverless function https://6wof2cxyjb5e3tuakkllclr7wq0nlmkc.lambda-url.us-east-1.on.aws/ triggerred. from Demo
2022-11-27 12:53:25,597 INFO [vert.x-eventloop-thread-2] a.u.d.e.e.s.ServerlessFunction [ServerlessFunction.java:61] Serverless function https://6wof2cxyjb5e3tuakkllclr7wq0nlmkc.lambda-url.us-east-1.on.aws/ triggerred. from Demo
2022-11-27 12:53:25,584 INFO [vert.x-eventloop-thread-5] a.u.d.e.e.s.ServerlessFunction [ServerlessFunction.java:61] Serverless function https://6wof2cxyjb5e3tuakkllclr7wq0nlmkc.lambda-url.us-east-1.on.aws/ triggerred. from Demo
2022-11-27 12:53:25,613 INFO [vert.x-eventloop-thread-6] a.u.d.e.e.s.ServerlessFunction [ServerlessFunction.java:61] Serverless function https://6wof2cxyjb5e3tuakkllclr7wq0nlmkc.lambda-url.us-east-1.on.aws/ triggerred. from Demo
2022-11-27 12:53:25,613 INFO [vert.x-eventloop-thread-7] a.u.d.e.e.s.ServerlessFunction [ServerlessFunction.java:61] Serverless function https://6wof2cxyjb5e3tuakkllclr7wq0nlmkc.lambda-url.us-east-1.on.aws/ triggerred. from Demo
2022-11-27 12:53:25,623 INFO [vert.x-eventloop-thread-1] a.u.d.e.e.s.ServerlessFunction [ServerlessFunction.java:61] Serverless function https://6wof2cxyjb5e3tuakkllclr7wq0nlmkc.lambda-url.us-east-1.on.aws/ triggerred. from Demo
2022-11-27 12:53:25,623 INFO [vert.x-eventloop-thread-0] a.u.d.e.e.s.ServerlessFunction [ServerlessFunction.java:61] Serverless function https://6wof2cxyjb5e3tuakkllclr7wq0nlmkc.lambda-url.us-east-1.on.aws/ triggerred. from Demo
2022-11-27 12:53:25,635 INFO [vert.x-eventloop-thread-3] a.u.d.e.e.s.ServerlessFunction [ServerlessFunction.java:61] Serverless function https://6wof2cxyjb5e3tuakkllclr7wq0nlmkc.lambda-url.us-east-1.on.aws/ triggerred. from Demo
2022-11-27 12:53:25,641 INFO [vert.x-eventloop-thread-2] a.u.d.e.e.s.ServerlessFunction [ServerlessFunction.java:61] Serverless function https://6wof2cxyjb5e3tuakkllclr7wq0nlmkc.lambda-url.us-east-1.on.aws/ triggerred. from Demo
2022-11-27 12:53:25,647 INFO [vert.x-eventloop-thread-4] a.u.d.e.e.s.ServerlessFunction [ServerlessFunction.java:61] Serverless function https://6wof2cxyjb5e3tuakkllclr7wq0nlmkc.lambda-url.us-east-1.on.aws/ triggerred. from Demo
2022-11-27 12:53:26,692 INFO [vert.x-eventloop-thread-4] a.u.d.e.e.s.ServerlessFunction [ServerlessFunction.java:63] Serverless function https://6wof2cxyjb5e3tuakkllclr7wq0nlmkc.lambda-url.us-east-1.on.aws/ finished from Demo
2022-11-27 12:53:27,100 INFO [vert.x-eventloop-thread-5] a.u.d.e.e.s.ServerlessFunction [ServerlessFunction.java:63] Serverless function https://6wof2cxyjb5e3tuakkllclr7wq0nlmkc.lambda-url.us-east-1.on.aws/ finished from Demo
2022-11-27 12:53:27,230 INFO [vert.x-eventloop-thread-1] a.u.d.e.e.s.ServerlessFunction [ServerlessFunction.java:63] Serverless function https://6wof2cxyjb5e3tuakkllclr7wq0nlmkc.lambda-url.us-east-1.on.aws/ finished from Demo
2022-11-27 12:53:27,319 INFO [vert.x-eventloop-thread-6] a.u.d.e.e.s.ServerlessFunction [ServerlessFunction.java:63] Serverless function https://6wof2cxyjb5e3tuakkllclr7wq0nlmkc.lambda-url.us-east-1.on.aws/ finished from Demo
2022-11-27 12:53:28,124 INFO [vert.x-eventloop-thread-7] a.u.d.e.e.s.ServerlessFunction [ServerlessFunction.java:63] Serverless function https://6wof2cxyjb5e3tuakkllclr7wq0nlmkc.lambda-url.us-east-1.on.aws/ finished from Demo
2022-11-27 12:53:28,125 INFO [vert.x-eventloop-thread-2] a.u.d.e.e.s.ServerlessFunction [ServerlessFunction.java:63] Serverless function https://6wof2cxyjb5e3tuakkllclr7wq0nlmkc.lambda-url.us-east-1.on.aws/ finished from Demo
2022-11-27 12:53:28,250 INFO [vert.x-eventloop-thread-0] a.u.d.e.e.s.ServerlessFunction [ServerlessFunction.java:63] Serverless function https://6wof2cxyjb5e3tuakkllclr7wq0nlmkc.lambda-url.us-east-1.on.aws/ finished from Demo
2022-11-27 12:53:28,369 INFO [vert.x-eventloop-thread-3] a.u.d.e.e.s.ServerlessFunction [ServerlessFunction.java:63] Serverless function https://6wof2cxyjb5e3tuakkllclr7wq0nlmkc.lambda-url.us-east-1.on.aws/ finished from Demo
2022-11-27 12:53:28,744 INFO [vert.x-eventloop-thread-4] a.u.d.e.e.s.ServerlessFunction [ServerlessFunction.java:63] Serverless function https://6wof2cxyjb5e3tuakkllclr7wq0nlmkc.lambda-url.us-east-1.on.aws/ finished from Demo
2022-11-27 12:53:28,859 INFO [vert.x-eventloop-thread-2] a.u.d.e.e.s.ServerlessFunction [ServerlessFunction.java:63] Serverless function https://6wof2cxyjb5e3tuakkllclr7wq0nlmkc.lambda-url.us-east-1.on.aws/ finished from Demo
2022-11-27 12:53:31,310 WARN [vertx-blocked-thread-checker] i.v.c.i.BlockedThreadChecker [?:?] Thread Thread[vert.x-eventloop-thread-1,5,main] has been blocked for 2437 ms, time limit is 2000 ms from Demo
2022-11-27 12:53:33,053 INFO [vert.x-eventloop-thread-1] a.u.d.e.e.s.ServerlessFunction [ServerlessFunction.java:61] Serverless function https://cjmoiosqbday2tqr4cagvobuqy0fioyh.lambda-url.us-east-1.on.aws/ triggerred. from Demo
2022-11-27 12:53:33,071 INFO [vert.x-eventloop-thread-0] a.u.d.e.e.s.ServerlessFunction [ServerlessFunction.java:61] Serverless function https://cjmoiosqbday2tqr4cagvobuqy0fioyh.lambda-url.us-east-1.on.aws/ triggerred. from Demo
2022-11-27 12:53:33,067 INFO [vert.x-eventloop-thread-7] a.u.d.e.e.s.ServerlessFunction [ServerlessFunction.java:61] Serverless function https://cjmoiosqbday2tqr4cagvobuqy0fioyh.lambda-url.us-east-1.on.aws/ triggerred. from Demo
2022-11-27 12:53:33,116 INFO [vert.x-eventloop-thread-3] a.u.d.e.e.s.ServerlessFunction [ServerlessFunction.java:61] Serverless function https://cjmoiosqbday2tqr4cagvobuqy0fioyh.lambda-url.us-east-1.on.aws/ triggerred. from Demo
2022-11-27 12:53:33,129 INFO [vert.x-eventloop-thread-6] a.u.d.e.e.s.ServerlessFunction [ServerlessFunction.java:61] Serverless function https://cjmoiosqbday2tqr4cagvobuqy0fioyh.lambda-url.us-east-1.on.aws/ triggerred. from Demo
2022-11-27 12:53:33,164 INFO [vert.x-eventloop-thread-2] a.u.d.e.e.s.ServerlessFunction [ServerlessFunction.java:61] Serverless function https://cjmoiosqbday2tqr4cagvobuqy0fioyh.lambda-url.us-east-1.on.aws/ triggerred. from Demo
2022-11-27 12:53:33,179 INFO [vert.x-eventloop-thread-7] a.u.d.e.e.s.ServerlessFunction [ServerlessFunction.java:61] Serverless function https://cjmoiosqbday2tqr4cagvobuqy0fioyh.lambda-url.us-east-1.on.aws/ triggerred. from Demo
2022-11-27 12:53:33,190 INFO [vert.x-eventloop-thread-0] a.u.d.e.e.s.ServerlessFunction [ServerlessFunction.java:61] Serverless function https://cjmoiosqbday2tqr4cagvobuqy0fioyh.lambda-url.us-east-1.on.aws/ triggerred. from Demo
2022-11-27 12:53:33,192 INFO [vert.x-eventloop-thread-4] a.u.d.e.e.s.ServerlessFunction [ServerlessFunction.java:61] Serverless function https://cjmoiosqbday2tqr4cagvobuqy0fioyh.lambda-url.us-east-1.on.aws/ triggerred. from Demo
2022-11-27 12:53:33,220 INFO [vert.x-eventloop-thread-5] a.u.d.e.e.s.ServerlessFunction [ServerlessFunction.java:61] Serverless function https://cjmoiosqbday2tqr4cagvobuqy0fioyh.lambda-url.us-east-1.on.aws/ triggerred. from Demo
2022-11-27 12:53:34,033 INFO [vert.x-eventloop-thread-0] a.u.d.e.e.s.ServerlessFunction [ServerlessFunction.java:63] Serverless function https://cjmoiosqbday2tqr4cagvobuqy0fioyh.lambda-url.us-east-1.on.aws/ finished from Demo
2022-11-27 12:53:34,109 INFO [vert.x-eventloop-thread-7] a.u.d.e.e.s.ServerlessFunction [ServerlessFunction.java:63] Serverless function https://cjmoiosqbday2tqr4cagvobuqy0fioyh.lambda-url.us-east-1.on.aws/ finished from Demo
2022-11-27 12:53:34,197 INFO [vert.x-eventloop-thread-7] a.u.d.e.e.s.ServerlessFunction [ServerlessFunction.java:63] Serverless function https://cjmoiosqbday2tqr4cagvobuqy0fioyh.lambda-url.us-east-1.on.aws/ finished from Demo
2022-11-27 12:53:34,681 INFO [vert.x-eventloop-thread-1] a.u.d.e.e.s.ServerlessFunction [ServerlessFunction.java:63] Serverless function https://cjmoiosqbday2tqr4cagvobuqy0fioyh.lambda-url.us-east-1.on.aws/ finished from Demo
2022-11-27 12:53:36,521 INFO [vert.x-eventloop-thread-6] a.u.d.e.e.s.ServerlessFunction [ServerlessFunction.java:63] Serverless function https://cjmoiosqbday2tqr4cagvobuqy0fioyh.lambda-url.us-east-1.on.aws/ finished from Demo
2022-11-27 12:53:36,534 INFO [vert.x-eventloop-thread-2] a.u.d.e.e.s.ServerlessFunction [ServerlessFunction.java:63] Serverless function https://cjmoiosqbday2tqr4cagvobuqy0fioyh.lambda-url.us-east-1.on.aws/ finished from Demo
2022-11-27 12:53:36,626 INFO [vert.x-eventloop-thread-3] a.u.d.e.e.s.ServerlessFunction [ServerlessFunction.java:63] Serverless function https://cjmoiosqbday2tqr4cagvobuqy0fioyh.lambda-url.us-east-1.on.aws/ finished from Demo
2022-11-27 12:53:36,933 INFO [vert.x-eventloop-thread-5] a.u.d.e.e.s.ServerlessFunction [ServerlessFunction.java:63] Serverless function https://cjmoiosqbday2tqr4cagvobuqy0fioyh.lambda-url.us-east-1.on.aws/ finished from Demo
2022-11-27 12:53:36,975 INFO [vert.x-eventloop-thread-0] a.u.d.e.e.s.ServerlessFunction [ServerlessFunction.java:63] Serverless function https://cjmoiosqbday2tqr4cagvobuqy0fioyh.lambda-url.us-east-1.on.aws/ finished from Demo
2022-11-27 12:53:37,068 INFO [vert.x-eventloop-thread-4] a.u.d.e.e.s.ServerlessFunction [ServerlessFunction.java:63] Serverless function https://cjmoiosqbday2tqr4cagvobuqy0fioyh.lambda-url.us-east-1.on.aws/ finished from Demo
2022-11-27 12:53:37,886 INFO [vert.x-eventloop-thread-3] a.u.d.e.e.s.ServerlessFunction [ServerlessFunction.java:61] Serverless function https://4pquyzewlu6efajdc47gzwkj6y0ohqkx.lambda-url.us-east-1.on.aws/ triggerred. from Demo
2022-11-27 12:53:39,797 INFO [vert.x-eventloop-thread-3] a.u.d.e.e.s.ServerlessFunction [ServerlessFunction.java:63] Serverless function https://4pquyzewlu6efajdc47gzwkj6y0ohqkx.lambda-url.us-east-1.on.aws/ finished from Demo
2022-11-27 12:53:40,595 INFO [vert.x-eventloop-thread-5] a.u.d.e.e.s.ServerlessFunction [ServerlessFunction.java:61] Serverless function https://cb45rshznyrot2hxa5q5h4ujy40ynuvg.lambda-url.us-east-1.on.aws/ triggerred. from Demo
2022-11-27 12:53:40,595 INFO [vert.x-eventloop-thread-4] a.u.d.e.e.s.ServerlessFunction [ServerlessFunction.java:61] Serverless function https://cb45rshznyrot2hxa5q5h4ujy40ynuvg.lambda-url.us-east-1.on.aws/ triggerred. from Demo
2022-11-27 12:53:40,599 INFO [vert.x-eventloop-thread-7] a.u.d.e.e.s.ServerlessFunction [ServerlessFunction.java:61] Serverless function https://cb45rshznyrot2hxa5q5h4ujy40ynuvg.lambda-url.us-east-1.on.aws/ triggerred. from Demo
2022-11-27 12:53:40,600 INFO [vert.x-eventloop-thread-6] a.u.d.e.e.s.ServerlessFunction [ServerlessFunction.java:61] Serverless function https://cb45rshznyrot2hxa5q5h4ujy40ynuvg.lambda-url.us-east-1.on.aws/ triggerred. from Demo
2022-11-27 12:53:40,600 INFO [vert.x-eventloop-thread-0] a.u.d.e.e.s.ServerlessFunction [ServerlessFunction.java:61] Serverless function https://cb45rshznyrot2hxa5q5h4ujy40ynuvg.lambda-url.us-east-1.on.aws/ triggerred. from Demo
2022-11-27 12:53:41,640 INFO [vert.x-eventloop-thread-0] a.u.d.e.e.s.ServerlessFunction [ServerlessFunction.java:63] Serverless function https://cb45rshznyrot2hxa5q5h4ujy40ynuvg.lambda-url.us-east-1.on.aws/ finished from Demo
2022-11-27 12:53:43,074 INFO [vert.x-eventloop-thread-4] a.u.d.e.e.s.ServerlessFunction [ServerlessFunction.java:63] Serverless function https://cb45rshznyrot2hxa5q5h4ujy40ynuvg.lambda-url.us-east-1.on.aws/ finished from Demo
2022-11-27 12:53:43,688 INFO [vert.x-eventloop-thread-7] a.u.d.e.e.s.ServerlessFunction [ServerlessFunction.java:63] Serverless function https://cb45rshznyrot2hxa5q5h4ujy40ynuvg.lambda-url.us-east-1.on.aws/ finished from Demo
2022-11-27 12:53:44,307 INFO [vert.x-eventloop-thread-6] a.u.d.e.e.s.ServerlessFunction [ServerlessFunction.java:63] Serverless function https://cb45rshznyrot2hxa5q5h4ujy40ynuvg.lambda-url.us-east-1.on.aws/ finished from Demo
2022-11-27 12:53:44,326 INFO [vert.x-eventloop-thread-5] a.u.d.e.e.s.ServerlessFunction [ServerlessFunction.java:63] Serverless function https://cb45rshznyrot2hxa5q5h4ujy40ynuvg.lambda-url.us-east-1.on.aws/ finished from Demo
2022-11-27 12:53:45,195 INFO [vert.x-eventloop-thread-0] a.u.d.e.i.o.OutputDataPrinter [OutputDataPrinter.java:30] Workflow executed correctly. from Demo
2022-11-27 12:53:45,196 INFO [vert.x-eventloop-thread-0] a.u.d.e.i.o.OutputDataPrinter [OutputDataPrinter.java:31] Enactment result: {"collages":["collages/45964f28-1ccb-49c6-a197-7c46b85fa16f_HAPPY.jpg","collages/d57a0eba-d55f-4898-9c2c-f14a2dfeeec4_ANGRY.jpg","collages/2d6ff73e-dfea-4118-ad76-12c599378506_SURPRISED.jpg","collages/4782c0fe-c2df-4ba9-a43a-84fff11e7fcc_CALM.jpg","Too few images to make a collage"]} from Demo
